"../../../Engine/Content/EngineMaterials/OrientParticle.uasset" 0
"../../../Engine/Content/EngineMaterials/DefaultParticle.uasset" 1
"../../../../../../mootbing/Desktop/Unreal_Projects/BSGO/PewPew/Content/Trail.uasset" 2
"../../../../../../mootbing/Desktop/Unreal_Projects/BSGO/PewPew/Content/Weapons/Pistol/GunWhite.uasset" 3
"../../../../../../mootbing/Desktop/Unreal_Projects/BSGO/PewPew/Content/Weapons/Pistol/GunSide.uasset" 4
"../../../../../../mootbing/Desktop/Unreal_Projects/BSGO/PewPew/Content/Weapons/Pistol/GunBlack.uasset" 5
"../../../../../../mootbing/Desktop/Unreal_Projects/BSGO/PewPew/Content/Weapons/Pistol/GrapplingGunV2.uasset" 6
"../../../../../../mootbing/Desktop/Unreal_Projects/BSGO/PewPew/Content/Weapons/Pistol/BFIPistol.uasset" 7
"../../../../../../mootbing/Desktop/Unreal_Projects/BSGO/PewPew/Content/Gameplay/CameraShake.uasset" 8
"../../../Engine/Content/EditorMeshes/ColorCalibrator/T_ColorGrid.uasset" 9
"../../../../../../mootbing/Desktop/Unreal_Projects/BSGO/PewPew/Content/StarterContent/Materials/M_ColorGrid_LowSpec.uasset" 10
"../../../Engine/Content/Functions/Engine_MaterialFunctions01/Gradient/RadialGradient.uasset" 11
"../../../../../../mootbing/Desktop/Unreal_Projects/BSGO/PewPew/Content/StarterContent/Particles/Materials/M_radial_ramp.uasset" 12
"../../../../../../mootbing/Desktop/Unreal_Projects/BSGO/PewPew/Content/StarterContent/Particles/Materials/m_flare_01.uasset" 13
"../../../../../../mootbing/Desktop/Unreal_Projects/BSGO/PewPew/Content/StarterContent/Textures/T_Explosion_SubUV.uasset" 14
"../../../../../../mootbing/Desktop/Unreal_Projects/BSGO/PewPew/Content/StarterContent/Particles/Materials/M_explosion_subUV.uasset" 15
"../../../../../../mootbing/Desktop/Unreal_Projects/BSGO/PewPew/Content/StarterContent/Textures/T_Burst_M.uasset" 16
"../../../../../../mootbing/Desktop/Unreal_Projects/BSGO/PewPew/Content/StarterContent/Particles/Materials/M_Burst.uasset" 17
"../../../../../../mootbing/Desktop/Unreal_Projects/BSGO/PewPew/Content/StarterContent/Textures/T_Smoke_Tiled_D.uasset" 18
"../../../../../../mootbing/Desktop/Unreal_Projects/BSGO/PewPew/Content/StarterContent/Textures/T_Smoke_SubUV.uasset" 19
"../../../../../../mootbing/Desktop/Unreal_Projects/BSGO/PewPew/Content/StarterContent/Particles/Materials/M_smoke_subUV.uasset" 20
"../../../../../../mootbing/Desktop/Unreal_Projects/BSGO/PewPew/Content/StarterContent/Particles/P_Explosion.uasset" 21
"../../../../../../mootbing/Desktop/Unreal_Projects/BSGO/PewPew/Content/StarterContent/Audio/Explosion_Cue.uasset" 22
"../../../../../../mootbing/Desktop/Unreal_Projects/BSGO/PewPew/Content/StarterContent/Blueprints/Blueprint_Effect_Explosion.uasset" 23
"../../../../../../mootbing/Desktop/Unreal_Projects/BSGO/PewPew/Content/StarterContent/Textures/T_Door_N.uasset" 24
"../../../../../../mootbing/Desktop/Unreal_Projects/BSGO/PewPew/Content/StarterContent/Textures/T_Door_M.uasset" 25
"../../../../../../mootbing/Desktop/Unreal_Projects/BSGO/PewPew/Content/StarterContent/Props/Materials/M_Door.uasset" 26
"../../../../../../mootbing/Desktop/Unreal_Projects/BSGO/PewPew/Content/StarterContent/Materials/M_Glass.uasset" 27
"../../../../../../mootbing/Desktop/Unreal_Projects/BSGO/PewPew/Content/StarterContent/Props/SM_Door.uasset" 28
"../../../../../../mootbing/Desktop/Unreal_Projects/BSGO/PewPew/Content/StarterContent/Props/Materials/M_MaterialSphere_Plain.uasset" 29
"../../../../../../mootbing/Desktop/Unreal_Projects/BSGO/PewPew/Content/StarterContent/Props/Materials/M_MaterialSphere.uasset" 30
"../../../../../../mootbing/Desktop/Unreal_Projects/BSGO/PewPew/Content/StarterContent/Props/SM_MatPreviewMesh_02.uasset" 31
"../../../../../../mootbing/Desktop/Unreal_Projects/BSGO/PewPew/Content/StarterContent/Textures/T_Chair_N.uasset" 32
"../../../../../../mootbing/Desktop/Unreal_Projects/BSGO/PewPew/Content/StarterContent/Textures/T_Chair_M.uasset" 33
"../../../../../../mootbing/Desktop/Unreal_Projects/BSGO/PewPew/Content/StarterContent/Props/Materials/M_Chair.uasset" 34
"../../../../../../mootbing/Desktop/Unreal_Projects/BSGO/PewPew/Content/StarterContent/Props/SM_Couch.uasset" 35
"../../../../../../mootbing/Desktop/Unreal_Projects/BSGO/PewPew/Content/StarterContent/Textures/T_Shelf_M.uasset" 36
"../../../../../../mootbing/Desktop/Unreal_Projects/BSGO/PewPew/Content/StarterContent/Textures/T_Shelf_N.uasset" 37
"../../../../../../mootbing/Desktop/Unreal_Projects/BSGO/PewPew/Content/StarterContent/Props/Materials/M_Shelf.uasset" 38
"../../../../../../mootbing/Desktop/Unreal_Projects/BSGO/PewPew/Content/StarterContent/Props/SM_Shelf.uasset" 39
"../../../Engine/Content/Functions/Engine_MaterialFunctions02/Utility/BlendAngleCorrectedNormals.uasset" 40
"../../../../../../mootbing/Desktop/Unreal_Projects/BSGO/PewPew/Content/StarterContent/Textures/T_RockMesh_N.uasset" 41
"../../../../../../mootbing/Desktop/Unreal_Projects/BSGO/PewPew/Content/StarterContent/Textures/T_Rock_Basalt_D.uasset" 42
"../../../../../../mootbing/Desktop/Unreal_Projects/BSGO/PewPew/Content/StarterContent/Textures/T_RockMesh_M.uasset" 43
"../../../../../../mootbing/Desktop/Unreal_Projects/BSGO/PewPew/Content/StarterContent/Textures/T_Detail_Rocky_N.uasset" 44
"../../../../../../mootbing/Desktop/Unreal_Projects/BSGO/PewPew/Content/StarterContent/Props/Materials/M_Rock.uasset" 45
"../../../../../../mootbing/Desktop/Unreal_Projects/BSGO/PewPew/Content/StarterContent/Props/SM_Rock.uasset" 46
"../../../../../../mootbing/Desktop/Unreal_Projects/BSGO/PewPew/Content/StarterContent/Materials/M_Basic_Floor.uasset" 47
"../../../../../../mootbing/Desktop/Unreal_Projects/BSGO/PewPew/Content/StarterContent/Materials/M_Basic_Wall.uasset" 48
"../../../../../../mootbing/Desktop/Unreal_Projects/BSGO/PewPew/Content/StarterContent/Props/SM_Stairs.uasset" 49
"../../../../../../mootbing/Desktop/Unreal_Projects/BSGO/PewPew/Content/StarterContent/Textures/T_Bush_N.uasset" 50
"../../../../../../mootbing/Desktop/Unreal_Projects/BSGO/PewPew/Content/StarterContent/Textures/T_Bush_D.uasset" 51
"../../../../../../mootbing/Desktop/Unreal_Projects/BSGO/PewPew/Content/StarterContent/Props/Materials/M_Bush.uasset" 52
"../../../../../../mootbing/Desktop/Unreal_Projects/BSGO/PewPew/Content/StarterContent/Props/SM_Bush.uasset" 53
"../../../../../../mootbing/Desktop/Unreal_Projects/BSGO/PewPew/Content/StarterContent/Shapes/Shape_Wedge_A.uasset" 54
"../../../../../../mootbing/Desktop/Unreal_Projects/BSGO/PewPew/Content/StarterContent/Shapes/Shape_WideCapsule.uasset" 55
"../../../../../../mootbing/Desktop/Unreal_Projects/BSGO/PewPew/Content/StarterContent/Shapes/Shape_Tube.uasset" 56
"../../../../../../mootbing/Desktop/Unreal_Projects/BSGO/PewPew/Content/StarterContent/Shapes/Shape_Cylinder.uasset" 57
"../../../../../../mootbing/Desktop/Unreal_Projects/BSGO/PewPew/Content/StarterContent/Shapes/Shape_TriPyramid.uasset" 58
"../../../../../../mootbing/Desktop/Unreal_Projects/BSGO/PewPew/Content/StarterContent/Shapes/Shape_Trim.uasset" 59
"../../../../../../mootbing/Desktop/Unreal_Projects/BSGO/PewPew/Content/StarterContent/Shapes/Shape_Plane.uasset" 60
"../../../../../../mootbing/Desktop/Unreal_Projects/BSGO/PewPew/Content/StarterContent/Shapes/Shape_Trim_90_Out.uasset" 61
"../../../../../../mootbing/Desktop/Unreal_Projects/BSGO/PewPew/Content/StarterContent/Shapes/Shape_Pipe_90.uasset" 62
"../../../../../../mootbing/Desktop/Unreal_Projects/BSGO/PewPew/Content/StarterContent/Shapes/Shape_Pipe_180.uasset" 63
"../../../../../../mootbing/Desktop/Unreal_Projects/BSGO/PewPew/Content/StarterContent/Shapes/Shape_Pipe.uasset" 64
"../../../../../../mootbing/Desktop/Unreal_Projects/BSGO/PewPew/Content/StarterContent/Shapes/Shape_Cone.uasset" 65
"../../../../../../mootbing/Desktop/Unreal_Projects/BSGO/PewPew/Content/StarterContent/Shapes/Shape_Wedge_B.uasset" 66
"../../../../../../mootbing/Desktop/Unreal_Projects/BSGO/PewPew/Content/StarterContent/Shapes/Shape_NarrowCapsule.uasset" 67
"../../../../../../mootbing/Desktop/Unreal_Projects/BSGO/PewPew/Content/StarterContent/Shapes/Shape_Trim_90_In.uasset" 68
"../../../../../../mootbing/Desktop/Unreal_Projects/BSGO/PewPew/Content/StarterContent/Shapes/Shape_Torus.uasset" 69
"../../../../../../mootbing/Desktop/Unreal_Projects/BSGO/PewPew/Content/StarterContent/Textures/T_Water_N.uasset" 70
"../../../../../../mootbing/Desktop/Unreal_Projects/BSGO/PewPew/Content/StarterContent/Particles/Materials/M_Heat_Distortion.uasset" 71
"../../../../../../mootbing/Desktop/Unreal_Projects/BSGO/PewPew/Content/StarterContent/Particles/P_MuzzleFlash.uasset" 72
"../../../../../../mootbing/Desktop/Unreal_Projects/BSGO/PewPew/Content/StarterContent/Architecture/Wall_Door_400x400.uasset" 73
"../../../../../../mootbing/Desktop/Unreal_Projects/BSGO/PewPew/Content/StarterContent/Architecture/Wall_400x400.uasset" 74
"../../../../../../mootbing/Desktop/Unreal_Projects/BSGO/PewPew/Content/StarterContent/Architecture/Wall_500x500.uasset" 75
"../../../../../../mootbing/Desktop/Unreal_Projects/BSGO/PewPew/Content/StarterContent/Architecture/Pillar_50x500.uasset" 76
"../../../../../../mootbing/Desktop/Unreal_Projects/BSGO/PewPew/Content/StarterContent/Architecture/Wall_400x300.uasset" 77
"../../../../../../mootbing/Desktop/Unreal_Projects/BSGO/PewPew/Content/StarterContent/Architecture/Wall_Window_400x400.uasset" 78
"../../../../../../mootbing/Desktop/Unreal_Projects/BSGO/PewPew/Content/StarterContent/Audio/Explosion02.uasset" 79
"../../../../../../mootbing/Desktop/Unreal_Projects/BSGO/PewPew/Content/StarterContent/Audio/Starter_Wind06.uasset" 80
"../../../../../../mootbing/Desktop/Unreal_Projects/BSGO/PewPew/Content/StarterContent/Audio/Starter_Birds01.uasset" 81
"../../../../../../mootbing/Desktop/Unreal_Projects/BSGO/PewPew/Content/StarterContent/Audio/Fire_Sparks01.uasset" 82
"../../../../../../mootbing/Desktop/Unreal_Projects/BSGO/PewPew/Content/StarterContent/Audio/Smoke01.uasset" 83
"../../../../../../mootbing/Desktop/Unreal_Projects/BSGO/PewPew/Content/StarterContent/Audio/Collapse01.uasset" 84
"../../../../../../mootbing/Desktop/Unreal_Projects/BSGO/PewPew/Content/StarterContent/Audio/Light02.uasset" 85
"../../../../../../mootbing/Desktop/Unreal_Projects/BSGO/PewPew/Content/StarterContent/Audio/Light02_Cue.uasset" 86
"../../../../../../mootbing/Desktop/Unreal_Projects/BSGO/PewPew/Content/StarterContent/Audio/Fire01.uasset" 87
"../../../../../../mootbing/Desktop/Unreal_Projects/BSGO/PewPew/Content/StarterContent/Audio/Light01_Cue.uasset" 88
"../../../../../../mootbing/Desktop/Unreal_Projects/BSGO/PewPew/Content/StarterContent/Audio/Starter_Wind05.uasset" 89
"../../../../../../mootbing/Desktop/Unreal_Projects/BSGO/PewPew/Content/StarterContent/Audio/Steam01.uasset" 90
"../../../../../../mootbing/Desktop/Unreal_Projects/BSGO/PewPew/Content/StarterContent/Audio/Starter_Music01.uasset" 91
"../../../../../../mootbing/Desktop/Unreal_Projects/BSGO/PewPew/Content/StarterContent/Audio/Explosion01.uasset" 92
"../../../../../../mootbing/Desktop/Unreal_Projects/BSGO/PewPew/Content/StarterContent/Audio/Light01.uasset" 93
"../../../../../../mootbing/Desktop/Unreal_Projects/BSGO/PewPew/Content/StarterContent/Audio/Collapse02.uasset" 94
"../../../Engine/Content/Maps/Templates/Thumbnails/Default.uasset" 95
"../../../Engine/Content/Maps/Templates/Thumbnails/TimeOfDay.uasset" 96
"../../../Engine/Content/Maps/Templates/Thumbnails/VR-Basic.uasset" 97
"../../../Engine/Content/MobileResources/T_MobileControls_texture.uasset" 98
"../../../Engine/Content/MobileResources/T_MobileMenu2.uasset" 99
"../../../Engine/Content/MobileResources/HUD/MobileHUDDirectionPad3.uasset" 100
"../../../Engine/Content/MobileResources/HUD/MobileHUDButton2_off.uasset" 101
"../../../Engine/Content/MobileResources/HUD/MobileHUDButton3.uasset" 102
"../../../Engine/Content/MobileResources/HUD/T_Castle_ThumbstickInner.uasset" 103
"../../../Engine/Content/MobileResources/HUD/MobileHUDDirectionStick.uasset" 104
"../../../Engine/Content/MobileResources/HUD/VirtualJoystick_Background.uasset" 105
"../../../Engine/Content/MobileResources/HUD/VirtualJoystick_Thumb.uasset" 106
"../../../Engine/Content/MobileResources/HUD/DefaultVirtualJoysticks.uasset" 107
"../../../Engine/Content/MobileResources/HUD/T_Castle_ThumbstickOutter.uasset" 108
"../../../Engine/Content/MobileResources/HUD/MobileHUDButton2_on.uasset" 109
"../../../Engine/Content/MobileResources/HUD/MobileHUDDirectionPad2.uasset" 110
"../../../Engine/Content/MobileResources/HUD/MobileHUDDirectionPad.uasset" 111
"../../../Engine/Content/MobileResources/HUD/AnalogHat.uasset" 112
"../../../Engine/Content/MobileResources/HUD/MobileHUDButton1_on.uasset" 113
"../../../Engine/Content/MobileResources/HUD/MobileHUDButtonFire.uasset" 114
"../../../Engine/Content/MobileResources/HUD/LeftVirtualJoystickOnly.uasset" 115
"../../../Engine/Content/MobileResources/HUD/MobileHUDButton1_off.uasset" 116
"../../../Engine/Content/Tutorial/ContentIntroCurve.uasset" 117
"../../../Engine/Content/Tutorial/Basics/TutorialAssets/icon_tab_Levels_40x.uasset" 118
"../../../Engine/Content/Tutorial/Basics/LevelEditorOverview.uasset" 119
"../../../Engine/Content/Tutorial/Basics/LevelEditorAttract.uasset" 120
"../../../Engine/Content/EngineResources/DefaultTextureCube.uasset" 121
"../../../Engine/Content/EngineResources/Black.uasset" 122
"../../../Engine/Content/EngineResources/DefaultVolumeTexture2D.uasset" 123
"../../../Engine/Content/EngineResources/DefaultVolumeTexture.uasset" 124
"../../../Engine/Content/EngineResources/GradientTexture0.uasset" 125
"../../../Engine/Content/EditorLandscapeResources/DataLayer.uasset" 126
"../../../Engine/Content/EditorLandscapeResources/DefaultAlphaTexture.uasset" 127
"../../../Engine/Content/EditorMaterials/Camera/CineMat.uasset" 128
"../../../Engine/Content/EditorMaterials/Camera/MI_CineMat_Rig.uasset" 129
"../../../Engine/Content/EditorMeshes/Camera/SM_CraneRig_Body.uasset" 130
"../../../Engine/Content/EditorMeshes/Camera/SM_RailRig_Mount.uasset" 131
"../../../Engine/Content/EditorMeshes/Camera/SM_CraneRig_Base.uasset" 132
"../../../Engine/Content/EditorMeshes/Camera/SM_CraneRig_Mount.uasset" 133
"../../../Engine/Content/EditorMeshes/Camera/SM_CraneRig_Arm.uasset" 134
"../../../Engine/Content/EditorMeshes/Camera/SM_RailRig_Track.uasset" 135
"../../../Engine/Content/EngineFonts/Faces/RobotoRegular.uasset" 136
"../../../Engine/Content/EngineFonts/Faces/RobotoLight.uasset" 137
"../../../Engine/Content/EngineFonts/Faces/RobotoItalic.uasset" 138
"../../../Engine/Content/EngineFonts/Faces/RobotoBoldItalic.uasset" 139
"../../../Engine/Content/EngineFonts/Faces/RobotoBold.uasset" 140
"../../../Engine/Content/EngineFonts/Faces/DroidSansFallback.uasset" 141
"../../../Engine/Content/EngineFonts/Roboto.uasset" 142
"../../../Engine/Content/EngineDamageTypes/DmgTypeBP_Environmental.uasset" 143
"../../../Engine/Content/Functions/Engine_MaterialFunctions01/Opacity/CameraDepthFade.uasset" 144
"../../../Engine/Content/EngineMaterials/T_Default_Material_Grid_N.uasset" 145
"../../../Engine/Content/EngineMaterials/T_Default_Material_Grid_M.uasset" 146
"../../../Engine/Content/EngineMaterials/WorldGridMaterial.uasset" 147
"../../../Engine/Content/ArtTools/RenderToTexture/Meshes/S_1_Unit_Plane.uasset" 148
"../../../Engine/Content/EngineResources/WhiteSquareTexture.uasset" 149
"../../../Engine/Content/EngineMaterials/Widget3DPassThrough.uasset" 150
"../../../Engine/Content/EngineMaterials/Widget3DPassThrough_Masked.uasset" 151
"../../../Engine/Content/EngineMaterials/WeightMapPlaceholderTexture.uasset" 152
"../../../Engine/Content/EngineMaterials/Widget3DPassThrough_Translucent.uasset" 153
"../../../Engine/Content/EngineMaterials/Widget3DPassThrough_Translucent_OneSided.uasset" 154
"../../../Engine/Content/Functions/Engine_MaterialFunctions02/WorldPositionOffset/CameraOffset.uasset" 155
"../../../Engine/Content/EngineMaterials/PhAT_JointLimitMaterial.uasset" 156
"../../../Engine/Content/EngineMaterials/GizmoMaterial.uasset" 157
"../../../Engine/Content/EngineMaterials/BlueNoise.uasset" 158
"../../../Engine/Content/EngineMaterials/DefaultWhiteGrid_Low.uasset" 159
"../../../Engine/Content/EngineMaterials/EmissiveMeshMaterial.uasset" 160
"../../../Engine/Content/EngineMaterials/Widget3DPassThrough_Opaque.uasset" 161
"../../../Engine/Content/EngineMaterials/Widget3DPassThrough_Masked_OneSided.uasset" 162
"../../../Engine/Content/EngineMaterials/Good64x64TilingNoiseHighFreq.uasset" 163
"../../../Engine/Content/EngineMaterials/DefaultBloomKernel.uasset" 164
"../../../Engine/Content/EngineMaterials/RemoveSurfaceMaterial.uasset" 165
"../../../Engine/Content/EngineMaterials/DefaultDiffuse.uasset" 166
"../../../Engine/Content/EngineMaterials/DefaultDeferredDecalMaterial.uasset" 167
"../../../Engine/Content/Functions/Engine_MaterialFunctions02/Utility/BreakOutFloat2Components.uasset" 168
"../../../Engine/Content/EngineMaterials/DefaultPostProcessMaterial.uasset" 169
"../../../Engine/Content/EngineMaterials/DefaultPhysicalMaterial.uasset" 170
"../../../Engine/Content/EngineMaterials/BaseFlattenNormalMap.uasset" 171
"../../../Engine/Content/EngineMaterials/BaseFlattenEmissiveMap.uasset" 172
"../../../Engine/Content/EngineMaterials/BaseFlattenGrayscaleMap.uasset" 173
"../../../Engine/Content/EngineMaterials/BaseFlattenDiffuseMap.uasset" 174
"../../../Engine/Content/EngineMaterials/BaseFlattenMaterial.uasset" 175
"../../../Engine/Content/EngineMaterials/InvalidLightmapSettings.uasset" 176
"../../../Engine/Content/EngineMaterials/M_InvalidLightmapSettings.uasset" 177
"../../../Engine/Content/EngineFonts/RobotoDistanceField.uasset" 178
"../../../Engine/Content/EngineMaterials/DefaultTextMaterialOpaque.uasset" 179
"../../../Engine/Content/EngineMaterials/PreintegratedSkinBRDF.uasset" 180
"../../../Engine/Content/EngineMaterials/Widget3DPassThrough_Opaque_OneSided.uasset" 181
"../../../Engine/Content/EngineMaterials/DefaultBokeh.uasset" 182
"../../../Engine/Content/EngineMaterials/DefaultLightFunctionMaterial.uasset" 183
"../../../Engine/Content/EngineMaterials/MiniFont.uasset" 184
"../../../Engine/Content/EngineMaterials/DefaultWhiteGrid.uasset" 185
"../../../Engine/Content/EngineDebugMaterials/DebugEditorMaterial.uasset" 186
"../../../Engine/Content/Functions/Engine_MaterialFunctions01/Shading/ConvertFromDiffSpec.uasset" 187
"../../../Engine/Content/EngineDebugMaterials/VertexColorMaterial.uasset" 188
"../../../Engine/Content/EngineDebugMaterials/WireframeMaterial.uasset" 189
"../../../Engine/Content/EngineDebugMaterials/VolumeToRender.uasset" 190
"../../../Engine/Content/Functions/Engine_MaterialFunctions02/Utility/CameraDirectionVector.uasset" 191
"../../../Engine/Content/EngineDebugMaterials/M_VolumeRenderSphereTracePP.uasset" 192
"../../../Engine/Content/EngineDebugMaterials/M_SimpleUnlitTranslucent.uasset" 193
"../../../Engine/Content/EngineDebugMaterials/DebugMeshMaterial.uasset" 194
"../../../Engine/Content/EditorResources/S_Note.uasset" 195
"../../../Engine/Content/EditorResources/S_Solver.uasset" 196
"../../../Engine/Content/EditorResources/S_Terrain.uasset" 197
"../../../Engine/Content/EditorResources/S_Trigger.uasset" 198
"../../../Engine/Content/EditorResources/S_Actor.uasset" 199
"../../../Engine/Content/EditorResources/EmptyActor.uasset" 200
"../../../Engine/Content/EditorResources/BSPVertex.uasset" 201
"../../../Engine/Content/EditorResources/SequenceRecorder/Countdown.uasset" 202
"../../../Engine/Content/EditorResources/SequenceRecorder/RecordingIndicator.uasset" 203
"../../../Engine/Content/EditorResources/AudioIcons/S_AudioComponent_AutoActivate.uasset" 204
"../../../Engine/Content/EditorResources/AudioIcons/S_AudioComponent.uasset" 205
"../../../Engine/Content/EditorResources/LightIcons/S_LightError.uasset" 206
"../../../Engine/Content/EngineMaterials/DefaultMaterial.uasset" 207
"../../../Engine/Content/BasicShapes/Cone.uasset" 208
"../../../Engine/Content/Functions/Engine_MaterialFunctions01/Shading/PowerToRoughness.uasset" 209
"../../../Engine/Content/EditorMaterials/PreviewShadowIndicator.uasset" 210
"../../../Engine/Content/EditorMaterials/PreviewShadowIndicatorMaterial.uasset" 211
"../../../Engine/Content/EditorMaterials/MAT_Groups_Toggle.uasset" 212
"../../../Engine/Content/EditorMaterials/MAT_Groups_Visibility.uasset" 213
"../../../Engine/Content/EditorMaterials/ParticleSystems/PSysThumbnail_NoImage.uasset" 214
"../../../Engine/Content/EditorMaterials/ParticleSystems/PSysThumbnail_OOD.uasset" 215
"../../../Engine/Content/EditorMaterials/MatineeGroups/MAT_Groups_Vector.uasset" 216
"../../../Engine/Content/EditorMaterials/MatineeGroups/MAT_ColorTrack.uasset" 217
"../../../Engine/Content/EditorMaterials/MatineeGroups/MAT_Groups_AudioMaster.uasset" 218
"../../../Engine/Content/EditorMaterials/MatineeGroups/MAT_Groups_Sound.uasset" 219
"../../../Engine/Content/EditorMaterials/MatineeGroups/MAT_Groups_Float.uasset" 220
"../../../Engine/Content/EditorMaterials/MatineeGroups/MAT_Groups_Director.uasset" 221
"../../../Engine/Content/EditorMaterials/MatineeGroups/MAT_Groups_Move.uasset" 222
"../../../Engine/Content/EditorMaterials/MatineeGroups/MAT_Groups_Event.uasset" 223
"../../../Engine/Content/EditorMaterials/MatineeGroups/MAT_Groups_Fade.uasset" 224
"../../../Engine/Content/EditorMaterials/MatineeGroups/MAT_Groups_Anim.uasset" 225
"../../../Engine/Content/EditorMaterials/MatineeGroups/MAT_Groups_Slomo.uasset" 226
"../../../Engine/Content/EngineSounds/Master.uasset" 227
"../../../Engine/Content/EngineMeshes/Cylinder.uasset" 228
"../../../Engine/Content/EngineMeshes/Sphere.uasset" 229
"../../../Engine/Content/EngineSky/VolumetricClouds/CloudWeatherTexture.uasset" 230
"../../../Engine/Content/EngineSky/VolumetricClouds/T_NoiseShape64.uasset" 231
"../../../Engine/Content/EngineSky/VolumetricClouds/T_VolumeNoiseShape64.uasset" 232
"../../../Engine/Content/EngineSky/VolumetricClouds/T_NoiseErosion.uasset" 233
"../../../Engine/Content/EngineSky/VolumetricClouds/T_VolumeNoiseErosion32.uasset" 234
"../../../Engine/Content/EngineSky/VolumetricClouds/CloudGradientTexture.uasset" 235
"../../../Engine/Content/Functions/Engine_MaterialFunctions02/Utility/MakeFloat2.uasset" 236
"../../../Engine/Content/EngineSky/VolumetricClouds/m_SimpleVolumetricCloud.uasset" 237
"../../../Engine/Content/EngineSky/VolumetricClouds/m_SimpleVolumetricCloud_Inst.uasset" 238
"../../../Engine/Content/VREditor/TransformGizmo/TranslucentTransformGizmoMaterial.uasset" 239
"../../../Engine/Content/VREditor/LaserPointer/VR_LaserPower_01.uasset" 240
"../../../Engine/Content/VREditor/TransformGizmo/TransformGizmoMaterial.uasset" 241
"../../../Engine/Content/VREditor/TransformGizmo/PlaneTranslationHandle.uasset" 242
"../../../Engine/Content/VREditor/TransformGizmo/Xray.uasset" 243
"../../../Engine/Content/VREditor/TransformGizmo/Main.uasset" 244
"../../../Engine/Content/VREditor/TransformGizmo/SM_Sequencer_Key.uasset" 245
"../../../Engine/Content/VREditor/TransformGizmo/BoundingBoxCorner.uasset" 246
"../../../Engine/Content/VREditor/TransformGizmo/SM_Sequencer_Node.uasset" 247
"../../../Engine/Content/VREditor/TransformGizmo/BoundingBoxEdge.uasset" 248
"../../../Engine/Content/BasicShapes/Cylinder.uasset" 249
"../../../Engine/Content/ArtTools/RenderToTexture/Materials/Debug/M_Emissive_Color.uasset" 250
"../../Plugins/Lumin/MagicLeapPassableWorld/Content/MagicLeapARPinInfoActor.uasset" 251
"../../Plugins/2D/Paper2D/Content/PlaceholderTextures/DummySpriteTexture.uasset" 252
"../../Plugins/2D/Paper2D/Content/DefaultSpriteMaterial.uasset" 253
"../../Plugins/2D/Paper2D/Content/OpaqueUnlitSpriteMaterial.uasset" 254
"../../Plugins/2D/Paper2D/Content/DummySprite.uasset" 255
"../../Plugins/2D/Paper2D/Content/DefaultPaperTerrainMaterial.uasset" 256
"../../Plugins/2D/Paper2D/Content/MaskedUnlitSpriteMaterial.uasset" 257
"../../../Engine/Content/Functions/Engine_MaterialFunctions02/Utility/BreakOutFloat3Components.uasset" 258
"../../Plugins/Editor/SpeedTreeImporter/Content/SpeedTree9/UnpackInteger3.uasset" 259
"../../Plugins/Editor/SpeedTreeImporter/Content/SpeedTree9/SpeedTreeBillboard.uasset" 260
"../../Plugins/Editor/SpeedTreeImporter/Content/SpeedTree9/UnpackDirection.uasset" 261
"../../Plugins/Editor/SpeedTreeImporter/Content/SpeedTree9/game_wind_noise.uasset" 262
"../../../Engine/Content/Functions/Engine_MaterialFunctions02/SafeNormalize.uasset" 263
"../../Plugins/Editor/SpeedTreeImporter/Content/SpeedTree9/SpeedTreeWindMotion.uasset" 264
"../../Plugins/Editor/SpeedTreeImporter/Content/SpeedTree9/SpeedTreeBranchMotion.uasset" 265
"../../../Engine/Content/Functions/Engine_MaterialFunctions02/ObjectLocalBounds.uasset" 266
"../../../Engine/Content/Functions/Engine_MaterialFunctions02/UVs/BoundingBoxBased_0-1_UVW.uasset" 267
"../../Plugins/Editor/SpeedTreeImporter/Content/SpeedTree9/SpeedTreeWind.uasset" 268
"../../../Engine/Content/EngineResources/DefaultTexture.uasset" 269
"../../Plugins/Editor/SpeedTreeImporter/Content/SpeedTree9/SpeedTreeBillboardMaster.uasset" 270
"../../Plugins/Editor/SpeedTreeImporter/Content/SpeedTree9/SpeedTreeCameraFacing.uasset" 271
"../../Plugins/Editor/SpeedTreeImporter/Content/SpeedTree9/SpeedTreeMaster.uasset" 272
"../../../../../../mootbing/Desktop/Unreal_Projects/BSGO/PewPew/Content/StarterContent/HDRI/HDRI_Epic_Courtyard_Daylight.uasset" 273
"../../../../../../mootbing/Desktop/Unreal_Projects/BSGO/PewPew/Content/StarterContent/Materials/M_AssetPlatform.uasset" 274
"../../../../../../mootbing/Desktop/Unreal_Projects/BSGO/PewPew/Content/StarterContent/Architecture/SM_AssetPlatform.uasset" 275
"../../../Engine/Content/EditorMeshes/ColorCalibrator/Color_checker.uasset" 276
"../../../Engine/Content/EditorMeshes/ColorCalibrator/M_ColorGrid.uasset" 277
"../../../Engine/Content/EditorMeshes/ColorCalibrator/M_ClearCoat.uasset" 278
"../../../Engine/Content/EditorMeshes/ColorCalibrator/M_ChromeBall.uasset" 279
"../../../Engine/Content/EditorMeshes/ColorCalibrator/M_GreyBall.uasset" 280
"../../../Engine/Content/EditorMeshes/ColorCalibrator/M_ClearCoatBlack.uasset" 281
"../../../Engine/Content/EditorMeshes/ColorCalibrator/SM_ColorCalibrator.uasset" 282
"../../../Engine/Content/MapTemplates/Sky/DaylightAmbientCubemap.uasset" 283
"../../../../../../mootbing/Desktop/Unreal_Projects/BSGO/PewPew/Content/StarterContent/Blueprints/Assets/M_LightStage_Skybox_Master.uasset" 284
"../../../../../../mootbing/Desktop/Unreal_Projects/BSGO/PewPew/Content/StarterContent/Blueprints/Assets/M_LightStage_Skybox_HDRI.uasset" 285
"../../../../../../mootbing/Desktop/Unreal_Projects/BSGO/PewPew/Content/StarterContent/Blueprints/Assets/M_LightStage_Arrows.uasset" 286
"../../../../../../mootbing/Desktop/Unreal_Projects/BSGO/PewPew/Content/StarterContent/Maps/Advanced_Lighting_BuiltData.uasset" 287
"../../../../../../mootbing/Desktop/Unreal_Projects/BSGO/PewPew/Content/StarterContent/Blueprints/Assets/SM_Arrows.uasset" 288
"../../../Engine/Content/EditorMaterials/Thumbnails/SkySphereMaterial.uasset" 289
"../../../../../../mootbing/Desktop/Unreal_Projects/BSGO/PewPew/Content/StarterContent/Blueprints/Assets/Skybox.uasset" 290
"../../../../../../mootbing/Desktop/Unreal_Projects/BSGO/PewPew/Content/StarterContent/Blueprints/Assets/M_LightStage_Skybox_Black.uasset" 291
"../../../../../../mootbing/Desktop/Unreal_Projects/BSGO/PewPew/Content/StarterContent/Blueprints/Assets/SunlightColorLUT.uasset" 292
"../../../../../../mootbing/Desktop/Unreal_Projects/BSGO/PewPew/Content/StarterContent/Blueprints/Assets/FogBrightnessLUT.uasset" 293
"../../../../../../mootbing/Desktop/Unreal_Projects/BSGO/PewPew/Content/StarterContent/Blueprints/BP_LightStudio.uasset" 294
"../../../../../../mootbing/Desktop/Unreal_Projects/BSGO/PewPew/Content/StarterContent/Maps/Advanced_Lighting.umap" 295
"../../../../../../mootbing/Desktop/Unreal_Projects/BSGO/PewPew/Content/StarterContent/Shapes/Shape_Sphere.uasset" 296
"../../../../../../mootbing/Desktop/Unreal_Projects/BSGO/PewPew/Content/StarterContent/Shapes/Shape_QuadPyramid.uasset" 297
"../../../../../../mootbing/Desktop/Unreal_Projects/BSGO/PewPew/Content/StarterContent/Shapes/Shape_Cube.uasset" 298
"../../../../../../mootbing/Desktop/Unreal_Projects/BSGO/PewPew/Content/StarterContent/Textures/T_Frame_M.uasset" 299
"../../../../../../mootbing/Desktop/Unreal_Projects/BSGO/PewPew/Content/StarterContent/Textures/T_Frame_N.uasset" 300
"../../../../../../mootbing/Desktop/Unreal_Projects/BSGO/PewPew/Content/StarterContent/Props/Materials/M_Frame.uasset" 301
"../../../../../../mootbing/Desktop/Unreal_Projects/BSGO/PewPew/Content/StarterContent/Props/SM_WindowFrame.uasset" 302
"../../../../../../mootbing/Desktop/Unreal_Projects/BSGO/PewPew/Content/StarterContent/Textures/T_TableRound_M.uasset" 303
"../../../../../../mootbing/Desktop/Unreal_Projects/BSGO/PewPew/Content/StarterContent/Textures/T_TableRound_N.uasset" 304
"../../../../../../mootbing/Desktop/Unreal_Projects/BSGO/PewPew/Content/StarterContent/Props/Materials/M_TableRound.uasset" 305
"../../../../../../mootbing/Desktop/Unreal_Projects/BSGO/PewPew/Content/StarterContent/Props/SM_TableRound.uasset" 306
"../../../../../../mootbing/Desktop/Unreal_Projects/BSGO/PewPew/Content/StarterContent/Textures/T_Statue_N.uasset" 307
"../../../../../../mootbing/Desktop/Unreal_Projects/BSGO/PewPew/Content/StarterContent/Textures/T_Statue_M.uasset" 308
"../../../../../../mootbing/Desktop/Unreal_Projects/BSGO/PewPew/Content/StarterContent/Props/Materials/M_StatueGlass.uasset" 309
"../../../../../../mootbing/Desktop/Unreal_Projects/BSGO/PewPew/Content/StarterContent/Props/Materials/M_Statue.uasset" 310
"../../../../../../mootbing/Desktop/Unreal_Projects/BSGO/PewPew/Content/StarterContent/Props/SM_Statue.uasset" 311
"../../../../../../mootbing/Desktop/Unreal_Projects/BSGO/PewPew/Content/StarterContent/Props/SM_PillarFrame300.uasset" 312
"../../../../../../mootbing/Desktop/Unreal_Projects/BSGO/PewPew/Content/StarterContent/Props/SM_PillarFrame.uasset" 313
"../../../../../../mootbing/Desktop/Unreal_Projects/BSGO/PewPew/Content/StarterContent/Props/SM_GlassWindow.uasset" 314
"../../../../../../mootbing/Desktop/Unreal_Projects/BSGO/PewPew/Content/StarterContent/Props/SM_DoorFrame.uasset" 315
"../../../../../../mootbing/Desktop/Unreal_Projects/BSGO/PewPew/Content/StarterContent/Props/SM_CornerFrame.uasset" 316
"../../../../../../mootbing/Desktop/Unreal_Projects/BSGO/PewPew/Content/StarterContent/Props/SM_Chair.uasset" 317
"../../../../../../mootbing/Desktop/Unreal_Projects/BSGO/PewPew/Content/StarterContent/Props/MaterialSphere.uasset" 318
"../../../../../../mootbing/Desktop/Unreal_Projects/BSGO/PewPew/Content/StarterContent/Textures/T_Dust_Particle_D.uasset" 319
"../../../../../../mootbing/Desktop/Unreal_Projects/BSGO/PewPew/Content/StarterContent/Particles/Materials/M_Dust_Particle.uasset" 320
"../../../../../../mootbing/Desktop/Unreal_Projects/BSGO/PewPew/Content/StarterContent/Particles/P_Ambient_Dust.uasset" 321
"../../../../../../mootbing/Desktop/Unreal_Projects/BSGO/PewPew/Content/StarterContent/Audio/Starter_Music_Cue.uasset" 322
"../../../../../../mootbing/Desktop/Unreal_Projects/BSGO/PewPew/Content/StarterContent/Audio/Starter_Background_Cue.uasset" 323
"../../../../../../mootbing/Desktop/Unreal_Projects/BSGO/PewPew/Content/StarterContent/Audio/Collapse_Cue.uasset" 324
"../../../../../../mootbing/Desktop/Unreal_Projects/BSGO/PewPew/Content/StarterContent/Architecture/Wall_Window_400x300.uasset" 325
"../../../../../../mootbing/Desktop/Unreal_Projects/BSGO/PewPew/Content/StarterContent/Architecture/Wall_Door_400x300.uasset" 326
"../../../../../../mootbing/Desktop/Unreal_Projects/BSGO/PewPew/Content/StarterContent/Architecture/Wall_400x200.uasset" 327
"../../../../../../mootbing/Desktop/Unreal_Projects/BSGO/PewPew/Content/StarterContent/Architecture/Floor_400x400.uasset" 328
"../../../../../../mootbing/Desktop/Unreal_Projects/BSGO/PewPew/Content/StarterContent/Textures/T_Wood_Walnut_D.uasset" 329
"../../../../../../mootbing/Desktop/Unreal_Projects/BSGO/PewPew/Content/StarterContent/Textures/T_Wood_Walnut_N.uasset" 330
"../../../../../../mootbing/Desktop/Unreal_Projects/BSGO/PewPew/Content/StarterContent/Textures/T_MacroVariation.uasset" 331
"../../../../../../mootbing/Desktop/Unreal_Projects/BSGO/PewPew/Content/StarterContent/Materials/M_Wood_Walnut.uasset" 332
"../../../../../../mootbing/Desktop/Unreal_Projects/BSGO/PewPew/Content/StarterContent/Textures/T_Wood_Pine_N.uasset" 333
"../../../../../../mootbing/Desktop/Unreal_Projects/BSGO/PewPew/Content/StarterContent/Textures/T_Wood_Pine_D.uasset" 334
"../../../../../../mootbing/Desktop/Unreal_Projects/BSGO/PewPew/Content/StarterContent/Textures/T_Perlin_Noise_M.uasset" 335
"../../../../../../mootbing/Desktop/Unreal_Projects/BSGO/PewPew/Content/StarterContent/Materials/M_Wood_Pine.uasset" 336
"../../../../../../mootbing/Desktop/Unreal_Projects/BSGO/PewPew/Content/StarterContent/Textures/T_Wood_Oak_N.uasset" 337
"../../../../../../mootbing/Desktop/Unreal_Projects/BSGO/PewPew/Content/StarterContent/Textures/T_Wood_Oak_D.uasset" 338
"../../../../../../mootbing/Desktop/Unreal_Projects/BSGO/PewPew/Content/StarterContent/Materials/M_Wood_Oak.uasset" 339
"../../../Engine/Content/Functions/Engine_MaterialFunctions01/Opacity/AlphaOffset.uasset" 340
"../../../../../../mootbing/Desktop/Unreal_Projects/BSGO/PewPew/Content/StarterContent/Textures/T_Wood_Floor_Walnut_D.uasset" 341
"../../../../../../mootbing/Desktop/Unreal_Projects/BSGO/PewPew/Content/StarterContent/Textures/T_Wood_Floor_Walnut_N.uasset" 342
"../../../../../../mootbing/Desktop/Unreal_Projects/BSGO/PewPew/Content/StarterContent/Textures/T_Wood_Floor_Walnut_M.uasset" 343
"../../../../../../mootbing/Desktop/Unreal_Projects/BSGO/PewPew/Content/StarterContent/Materials/M_Wood_Floor_Walnut_Worn.uasset" 344
"../../../../../../mootbing/Desktop/Unreal_Projects/BSGO/PewPew/Content/StarterContent/Materials/M_Wood_Floor_Walnut_Polished.uasset" 345
"../../../../../../mootbing/Desktop/Unreal_Projects/BSGO/PewPew/Content/StarterContent/Textures/T_Water_M.uasset" 346
"../../../../../../mootbing/Desktop/Unreal_Projects/BSGO/PewPew/Content/StarterContent/Materials/M_Water_Ocean.uasset" 347
"../../../../../../mootbing/Desktop/Unreal_Projects/BSGO/PewPew/Content/StarterContent/Materials/M_Water_Lake.uasset" 348
"../../../../../../mootbing/Desktop/Unreal_Projects/BSGO/PewPew/Content/StarterContent/Textures/T_Metal_Steel_D.uasset" 349
"../../../../../../mootbing/Desktop/Unreal_Projects/BSGO/PewPew/Content/StarterContent/Textures/T_Tech_Panel_N.uasset" 350
"../../../../../../mootbing/Desktop/Unreal_Projects/BSGO/PewPew/Content/StarterContent/Textures/T_Tech_Panel_M.uasset" 351
"../../../../../../mootbing/Desktop/Unreal_Projects/BSGO/PewPew/Content/StarterContent/Materials/M_Tech_Panel.uasset" 352
"../../../../../../mootbing/Desktop/Unreal_Projects/BSGO/PewPew/Content/StarterContent/Textures/T_Tech_Hex_Tile_N.uasset" 353
"../../../../../../mootbing/Desktop/Unreal_Projects/BSGO/PewPew/Content/StarterContent/Textures/T_Tech_Hex_Tile_M.uasset" 354
"../../../../../../mootbing/Desktop/Unreal_Projects/BSGO/PewPew/Content/StarterContent/Materials/M_Tech_Hex_Tile_Pulse.uasset" 355
"../../../../../../mootbing/Desktop/Unreal_Projects/BSGO/PewPew/Content/StarterContent/Materials/M_Tech_Hex_Tile.uasset" 356
"../../../../../../mootbing/Desktop/Unreal_Projects/BSGO/PewPew/Content/StarterContent/Textures/T_Tech_Dot_N.uasset" 357
"../../../../../../mootbing/Desktop/Unreal_Projects/BSGO/PewPew/Content/StarterContent/Textures/T_Single_Tile_N.uasset" 358
"../../../../../../mootbing/Desktop/Unreal_Projects/BSGO/PewPew/Content/StarterContent/Textures/T_Checker_Noise_M.uasset" 359
"../../../../../../mootbing/Desktop/Unreal_Projects/BSGO/PewPew/Content/StarterContent/Textures/T_Tech_Dot_M.uasset" 360
"../../../../../../mootbing/Desktop/Unreal_Projects/BSGO/PewPew/Content/StarterContent/Materials/M_Tech_Checker_Dot.uasset" 361
"../../../../../../mootbing/Desktop/Unreal_Projects/BSGO/PewPew/Content/StarterContent/Textures/T_Rock_Slate_N.uasset" 362
"../../../../../../mootbing/Desktop/Unreal_Projects/BSGO/PewPew/Content/StarterContent/Textures/T_Rock_Slate_D.uasset" 363
"../../../../../../mootbing/Desktop/Unreal_Projects/BSGO/PewPew/Content/StarterContent/Materials/M_Rock_Slate.uasset" 364
"../../../../../../mootbing/Desktop/Unreal_Projects/BSGO/PewPew/Content/StarterContent/Textures/T_Rock_Sandstone_D.uasset" 365
"../../../../../../mootbing/Desktop/Unreal_Projects/BSGO/PewPew/Content/StarterContent/Textures/T_Rock_Sandstone_N.uasset" 366
"../../../../../../mootbing/Desktop/Unreal_Projects/BSGO/PewPew/Content/StarterContent/Materials/M_Rock_Sandstone.uasset" 367
"../../../../../../mootbing/Desktop/Unreal_Projects/BSGO/PewPew/Content/StarterContent/Textures/T_Metal_Gold_N.uasset" 368
"../../../../../../mootbing/Desktop/Unreal_Projects/BSGO/PewPew/Content/StarterContent/Textures/T_Rock_Marble_Polished_D.uasset" 369
"../../../../../../mootbing/Desktop/Unreal_Projects/BSGO/PewPew/Content/StarterContent/Materials/M_Rock_Marble_Polished.uasset" 370
"../../../../../../mootbing/Desktop/Unreal_Projects/BSGO/PewPew/Content/StarterContent/Textures/T_Rock_Basalt_N.uasset" 371
"../../../../../../mootbing/Desktop/Unreal_Projects/BSGO/PewPew/Content/StarterContent/Materials/M_Rock_Basalt.uasset" 372
"../../../../../../mootbing/Desktop/Unreal_Projects/BSGO/PewPew/Content/StarterContent/Textures/T_Metal_Steel_N.uasset" 373
"../../../../../../mootbing/Desktop/Unreal_Projects/BSGO/PewPew/Content/StarterContent/Materials/M_Metal_Steel.uasset" 374
"../../../../../../mootbing/Desktop/Unreal_Projects/BSGO/PewPew/Content/StarterContent/Textures/T_Metal_Rust_D.uasset" 375
"../../../../../../mootbing/Desktop/Unreal_Projects/BSGO/PewPew/Content/StarterContent/Textures/T_Metal_Rust_N.uasset" 376
"../../../../../../mootbing/Desktop/Unreal_Projects/BSGO/PewPew/Content/StarterContent/Materials/M_Metal_Rust.uasset" 377
"../../../../../../mootbing/Desktop/Unreal_Projects/BSGO/PewPew/Content/StarterContent/Textures/T_Metal_Gold_D.uasset" 378
"../../../../../../mootbing/Desktop/Unreal_Projects/BSGO/PewPew/Content/StarterContent/Materials/M_Metal_Gold.uasset" 379
"../../../../../../mootbing/Desktop/Unreal_Projects/BSGO/PewPew/Content/StarterContent/Textures/T_Metal_Copper_D.uasset" 380
"../../../../../../mootbing/Desktop/Unreal_Projects/BSGO/PewPew/Content/StarterContent/Materials/M_Metal_Copper.uasset" 381
"../../../../../../mootbing/Desktop/Unreal_Projects/BSGO/PewPew/Content/StarterContent/Materials/M_Metal_Chrome.uasset" 382
"../../../../../../mootbing/Desktop/Unreal_Projects/BSGO/PewPew/Content/StarterContent/Textures/T_Metal_Aluminum_D.uasset" 383
"../../../../../../mootbing/Desktop/Unreal_Projects/BSGO/PewPew/Content/StarterContent/Materials/M_Metal_Burnished_Steel.uasset" 384
"../../../../../../mootbing/Desktop/Unreal_Projects/BSGO/PewPew/Content/StarterContent/Materials/M_Metal_Brushed_Nickel.uasset" 385
"../../../../../../mootbing/Desktop/Unreal_Projects/BSGO/PewPew/Content/StarterContent/Textures/T_ground_Moss_D.uasset" 386
"../../../../../../mootbing/Desktop/Unreal_Projects/BSGO/PewPew/Content/StarterContent/Textures/T_Ground_Moss_N.uasset" 387
"../../../../../../mootbing/Desktop/Unreal_Projects/BSGO/PewPew/Content/StarterContent/Materials/M_Ground_Moss.uasset" 388
"../../../../../../mootbing/Desktop/Unreal_Projects/BSGO/PewPew/Content/StarterContent/Textures/T_Ground_Gravel_D.uasset" 389
"../../../../../../mootbing/Desktop/Unreal_Projects/BSGO/PewPew/Content/StarterContent/Textures/T_Ground_Gravel_N.uasset" 390
"../../../../../../mootbing/Desktop/Unreal_Projects/BSGO/PewPew/Content/StarterContent/Materials/M_Ground_Gravel.uasset" 391
"../../../../../../mootbing/Desktop/Unreal_Projects/BSGO/PewPew/Content/StarterContent/Textures/T_Ground_Grass_N.uasset" 392
"../../../../../../mootbing/Desktop/Unreal_Projects/BSGO/PewPew/Content/StarterContent/Textures/T_Ground_Grass_D.uasset" 393
"../../../../../../mootbing/Desktop/Unreal_Projects/BSGO/PewPew/Content/StarterContent/Materials/M_Ground_Grass.uasset" 394
"../../../../../../mootbing/Desktop/Unreal_Projects/BSGO/PewPew/Content/StarterContent/Textures/T_Concrete_Tiles_M.uasset" 395
"../../../../../../mootbing/Desktop/Unreal_Projects/BSGO/PewPew/Content/StarterContent/Textures/T_Concrete_Tiles_N.uasset" 396
"../../../../../../mootbing/Desktop/Unreal_Projects/BSGO/PewPew/Content/StarterContent/Textures/T_Concrete_Tiles_Variation_M.uasset" 397
"../../../../../../mootbing/Desktop/Unreal_Projects/BSGO/PewPew/Content/StarterContent/Textures/T_Concrete_Tiles_D.uasset" 398
"../../../../../../mootbing/Desktop/Unreal_Projects/BSGO/PewPew/Content/StarterContent/Materials/M_Concrete_Tiles.uasset" 399
"../../../../../../mootbing/Desktop/Unreal_Projects/BSGO/PewPew/Content/StarterContent/Textures/T_Concrete_Poured_N.uasset" 400
"../../../../../../mootbing/Desktop/Unreal_Projects/BSGO/PewPew/Content/StarterContent/Textures/T_Concrete_Poured_D.uasset" 401
"../../../../../../mootbing/Desktop/Unreal_Projects/BSGO/PewPew/Content/StarterContent/Materials/M_Concrete_Poured.uasset" 402
"../../../../../../mootbing/Desktop/Unreal_Projects/BSGO/PewPew/Content/StarterContent/Textures/T_Concrete_Panels_N.uasset" 403
"../../../../../../mootbing/Desktop/Unreal_Projects/BSGO/PewPew/Content/StarterContent/Textures/T_Concrete_Panels_D.uasset" 404
"../../../../../../mootbing/Desktop/Unreal_Projects/BSGO/PewPew/Content/StarterContent/Materials/M_Concrete_Panels.uasset" 405
"../../../../../../mootbing/Desktop/Unreal_Projects/BSGO/PewPew/Content/StarterContent/Textures/T_Concrete_Grime_D.uasset" 406
"../../../../../../mootbing/Desktop/Unreal_Projects/BSGO/PewPew/Content/StarterContent/Materials/M_Concrete_Grime.uasset" 407
"../../../../../../mootbing/Desktop/Unreal_Projects/BSGO/PewPew/Content/StarterContent/Textures/T_CobbleStone_Smooth_M.uasset" 408
"../../../../../../mootbing/Desktop/Unreal_Projects/BSGO/PewPew/Content/StarterContent/Textures/T_CobbleStone_Smooth_D.uasset" 409
"../../../../../../mootbing/Desktop/Unreal_Projects/BSGO/PewPew/Content/StarterContent/Textures/T_Gradinet_01.uasset" 410
"../../../../../../mootbing/Desktop/Unreal_Projects/BSGO/PewPew/Content/StarterContent/Textures/T_Rock_Smooth_Granite_D.uasset" 411
"../../../../../../mootbing/Desktop/Unreal_Projects/BSGO/PewPew/Content/StarterContent/Textures/T_CobbleStone_Smooth_N.uasset" 412
"../../../../../../mootbing/Desktop/Unreal_Projects/BSGO/PewPew/Content/StarterContent/Materials/M_CobbleStone_Smooth.uasset" 413
"../../../../../../mootbing/Desktop/Unreal_Projects/BSGO/PewPew/Content/StarterContent/Textures/T_CobbleStone_Rough_D.uasset" 414
"../../../../../../mootbing/Desktop/Unreal_Projects/BSGO/PewPew/Content/StarterContent/Textures/T_CobbleStone_Rough_N.uasset" 415
"../../../../../../mootbing/Desktop/Unreal_Projects/BSGO/PewPew/Content/StarterContent/Materials/M_CobbleStone_Rough.uasset" 416
"../../../../../../mootbing/Desktop/Unreal_Projects/BSGO/PewPew/Content/StarterContent/Textures/T_CobbleStone_Pebble_M.uasset" 417
"../../../../../../mootbing/Desktop/Unreal_Projects/BSGO/PewPew/Content/StarterContent/Textures/T_CobbleStone_Pebble_N.uasset" 418
"../../../../../../mootbing/Desktop/Unreal_Projects/BSGO/PewPew/Content/StarterContent/Textures/T_CobbleStone_Pebble_D.uasset" 419
"../../../../../../mootbing/Desktop/Unreal_Projects/BSGO/PewPew/Content/StarterContent/Materials/M_CobbleStone_Pebble.uasset" 420
"../../../../../../mootbing/Desktop/Unreal_Projects/BSGO/PewPew/Content/StarterContent/Textures/T_Ceramic_Tile_N.uasset" 421
"../../../../../../mootbing/Desktop/Unreal_Projects/BSGO/PewPew/Content/StarterContent/Textures/T_Ceramic_Tile_M.uasset" 422
"../../../../../../mootbing/Desktop/Unreal_Projects/BSGO/PewPew/Content/StarterContent/Materials/M_Ceramic_Tile_Checker.uasset" 423
"../../../../../../mootbing/Desktop/Unreal_Projects/BSGO/PewPew/Content/StarterContent/Textures/T_Brick_Hewn_Stone_D.uasset" 424
"../../../../../../mootbing/Desktop/Unreal_Projects/BSGO/PewPew/Content/StarterContent/Textures/T_Brick_Hewn_Stone_N.uasset" 425
"../../../../../../mootbing/Desktop/Unreal_Projects/BSGO/PewPew/Content/StarterContent/Textures/T_Brick_Hewn_Stone_M.uasset" 426
"../../../../../../mootbing/Desktop/Unreal_Projects/BSGO/PewPew/Content/StarterContent/Materials/M_Brick_Hewn_Stone.uasset" 427
"../../../../../../mootbing/Desktop/Unreal_Projects/BSGO/PewPew/Content/StarterContent/Textures/T_Brick_Cut_Stone_N.uasset" 428
"../../../../../../mootbing/Desktop/Unreal_Projects/BSGO/PewPew/Content/StarterContent/Textures/T_Brick_Cut_Stone_D.uasset" 429
"../../../../../../mootbing/Desktop/Unreal_Projects/BSGO/PewPew/Content/StarterContent/Materials/M_Brick_Cut_Stone.uasset" 430
"../../../../../../mootbing/Desktop/Unreal_Projects/BSGO/PewPew/Content/StarterContent/Textures/T_Brick_Clay_Old_N.uasset" 431
"../../../../../../mootbing/Desktop/Unreal_Projects/BSGO/PewPew/Content/StarterContent/Textures/T_Brick_Clay_Old_D.uasset" 432
"../../../../../../mootbing/Desktop/Unreal_Projects/BSGO/PewPew/Content/StarterContent/Materials/M_Brick_Clay_Old.uasset" 433
"../../../../../../mootbing/Desktop/Unreal_Projects/BSGO/PewPew/Content/StarterContent/Textures/T_Brick_Clay_New_M.uasset" 434
"../../../../../../mootbing/Desktop/Unreal_Projects/BSGO/PewPew/Content/StarterContent/Textures/T_Brick_Clay_New_D.uasset" 435
"../../../../../../mootbing/Desktop/Unreal_Projects/BSGO/PewPew/Content/StarterContent/Textures/T_Brick_Clay_New_N.uasset" 436
"../../../../../../mootbing/Desktop/Unreal_Projects/BSGO/PewPew/Content/StarterContent/Materials/M_Brick_Clay_New.uasset" 437
"../../../../../../mootbing/Desktop/Unreal_Projects/BSGO/PewPew/Content/StarterContent/Textures/T_Brick_Clay_Beveled_M.uasset" 438
"../../../../../../mootbing/Desktop/Unreal_Projects/BSGO/PewPew/Content/StarterContent/Textures/T_Brick_Clay_Beveled_N.uasset" 439
"../../../../../../mootbing/Desktop/Unreal_Projects/BSGO/PewPew/Content/StarterContent/Textures/T_Brick_Clay_Beveled_D.uasset" 440
"../../../../../../mootbing/Desktop/Unreal_Projects/BSGO/PewPew/Content/StarterContent/Materials/M_Brick_Clay_Beveled.uasset" 441
"../../../Engine/Content/EngineSky/T_Sky_Stars.uasset" 442
"../../../Engine/Content/EngineSky/T_Sky_Blue.uasset" 443
"../../../Engine/Content/EngineSky/T_Sky_Clouds_M.uasset" 444
"../../../Engine/Content/EngineSky/M_Sky_Panning_Clouds2.uasset" 445
"../../../Engine/Content/Functions/Engine_MaterialFunctions03/Procedurals/ComputeFilterWidth.uasset" 446
"../../../Engine/Content/EngineMaterials/AntiAliasedTextMaterialTranslucent.uasset" 447
"../../../../../../mootbing/Desktop/Unreal_Projects/BSGO/PewPew/Content/StarterContent/Maps/StarterMap_BuiltData.uasset" 448
"../../../../../../mootbing/Desktop/Unreal_Projects/BSGO/PewPew/Content/StarterContent/Textures/T_Lamp_N.uasset" 449
"../../../../../../mootbing/Desktop/Unreal_Projects/BSGO/PewPew/Content/StarterContent/Textures/T_Lamp_M.uasset" 450
"../../../../../../mootbing/Desktop/Unreal_Projects/BSGO/PewPew/Content/StarterContent/Props/Materials/M_Lamp.uasset" 451
"../../../../../../mootbing/Desktop/Unreal_Projects/BSGO/PewPew/Content/StarterContent/Props/SM_Lamp_Wall.uasset" 452
"../../../../../../mootbing/Desktop/Unreal_Projects/BSGO/PewPew/Content/StarterContent/Blueprints/Blueprint_WallSconce.uasset" 453
"../../../../../../mootbing/Desktop/Unreal_Projects/BSGO/PewPew/Content/StarterContent/Props/SM_Lamp_Ceiling.uasset" 454
"../../../../../../mootbing/Desktop/Unreal_Projects/BSGO/PewPew/Content/StarterContent/Blueprints/Blueprint_CeilingLight.uasset" 455
"../../../Engine/Content/EngineSky/C_Sky_Horizon_Color.uasset" 456
"../../../Engine/Content/EngineSky/C_Sky_Cloud_Color.uasset" 457
"../../../Engine/Content/EngineSky/C_Sky_Zenith_Color.uasset" 458
"../../../Engine/Content/EngineSky/SM_SkySphere.uasset" 459
"../../../Engine/Content/EditorBlueprintResources/StandardMacros.uasset" 460
"../../../Engine/Content/EngineSky/BP_Sky_Sphere.uasset" 461
"../../../../../../mootbing/Desktop/Unreal_Projects/BSGO/PewPew/Content/StarterContent/Particles/P_Steam_Lit.uasset" 462
"../../../../../../mootbing/Desktop/Unreal_Projects/BSGO/PewPew/Content/StarterContent/Audio/Steam01_Cue.uasset" 463
"../../../../../../mootbing/Desktop/Unreal_Projects/BSGO/PewPew/Content/StarterContent/Blueprints/Blueprint_Effect_Steam.uasset" 464
"../../../../../../mootbing/Desktop/Unreal_Projects/BSGO/PewPew/Content/StarterContent/Textures/T_Spark_Core.uasset" 465
"../../../../../../mootbing/Desktop/Unreal_Projects/BSGO/PewPew/Content/StarterContent/Particles/Materials/M_Spark.uasset" 466
"../../../../../../mootbing/Desktop/Unreal_Projects/BSGO/PewPew/Content/StarterContent/Particles/Materials/M_Radial_Gradient.uasset" 467
"../../../../../../mootbing/Desktop/Unreal_Projects/BSGO/PewPew/Content/StarterContent/Particles/P_Sparks.uasset" 468
"../../../../../../mootbing/Desktop/Unreal_Projects/BSGO/PewPew/Content/StarterContent/Audio/Fire_Sparks01_Cue.uasset" 469
"../../../../../../mootbing/Desktop/Unreal_Projects/BSGO/PewPew/Content/StarterContent/Blueprints/Blueprint_Effect_Sparks.uasset" 470
"../../../../../../mootbing/Desktop/Unreal_Projects/BSGO/PewPew/Content/StarterContent/Particles/P_Smoke.uasset" 471
"../../../../../../mootbing/Desktop/Unreal_Projects/BSGO/PewPew/Content/StarterContent/Audio/Smoke01_Cue.uasset" 472
"../../../../../../mootbing/Desktop/Unreal_Projects/BSGO/PewPew/Content/StarterContent/Blueprints/Blueprint_Effect_Smoke.uasset" 473
"../../../../../../mootbing/Desktop/Unreal_Projects/BSGO/PewPew/Content/StarterContent/Textures/T_Fire_SubUV.uasset" 474
"../../../../../../mootbing/Desktop/Unreal_Projects/BSGO/PewPew/Content/StarterContent/Textures/T_Fire_Tiled_D.uasset" 475
"../../../../../../mootbing/Desktop/Unreal_Projects/BSGO/PewPew/Content/StarterContent/Particles/Materials/M_Fire_SubUV.uasset" 476
"../../../../../../mootbing/Desktop/Unreal_Projects/BSGO/PewPew/Content/StarterContent/Particles/P_Fire.uasset" 477
"../../../../../../mootbing/Desktop/Unreal_Projects/BSGO/PewPew/Content/StarterContent/Audio/Fire01_Cue.uasset" 478
"../../../../../../mootbing/Desktop/Unreal_Projects/BSGO/PewPew/Content/StarterContent/Blueprints/Blueprint_Effect_Fire.uasset" 479
"../../../../../../mootbing/Desktop/Unreal_Projects/BSGO/PewPew/Content/StarterContent/Maps/StarterMap.umap" 480
"../../../../../../mootbing/Desktop/Unreal_Projects/BSGO/PewPew/Content/Weapons/Pistol/Material_002.uasset" 481
"../../../../../../mootbing/Desktop/Unreal_Projects/BSGO/PewPew/Content/Weapons/Pistol/9mmammo_Sphere_001.uasset" 482
"../../../../../../mootbing/Desktop/Unreal_Projects/BSGO/PewPew/Content/Weapons/Pistol/Material_003.uasset" 483
"../../../../../../mootbing/Desktop/Unreal_Projects/BSGO/PewPew/Content/Weapons/Pistol/9mmammo_Cylinder_003.uasset" 484
"../../../../../../mootbing/Desktop/Unreal_Projects/BSGO/PewPew/Content/Weapons/Pistol/9mmammo_Cylinder_005.uasset" 485
"../../../../../../mootbing/Desktop/Unreal_Projects/BSGO/PewPew/Content/Weapons/Pistol/9mmammo_Cylinder_004.uasset" 486
"../../../../../../mootbing/Desktop/Unreal_Projects/BSGO/PewPew/Content/Weapons/AK/BulletTip.uasset" 487
"../../../../../../mootbing/Desktop/Unreal_Projects/BSGO/PewPew/Content/Weapons/AK/Gold.uasset" 488
"../../../../../../mootbing/Desktop/Unreal_Projects/BSGO/PewPew/Content/Weapons/Pistol/9mm.uasset" 489
"../../../../../../mootbing/Desktop/Unreal_Projects/BSGO/PewPew/Content/Weapons/PickUpWeapon.uasset" 490
"../../../../../../mootbing/Desktop/Unreal_Projects/BSGO/PewPew/Content/Gameplay/AkShot.uasset" 491
"../../../Engine/Content/BasicShapes/Sphere.uasset" 492
"../../../Engine/Content/BasicShapes/Cube.uasset" 493
"../../../Engine/Content/BasicShapes/BasicShapeMaterial.uasset" 494
"../../../../../../mootbing/Desktop/Unreal_Projects/BSGO/PewPew/Content/Weapons/Grenade.uasset" 495
"../../../../../../mootbing/Desktop/Unreal_Projects/BSGO/PewPew/Content/Crit.uasset" 496
"../../../../../../mootbing/Desktop/Unreal_Projects/BSGO/PewPew/Content/Gameplay/Target/Target_Red.uasset" 497
"../../../../../../mootbing/Desktop/Unreal_Projects/BSGO/PewPew/Content/Gameplay/Target/target_Cylinder_003.uasset" 498
"../../../../../../mootbing/Desktop/Unreal_Projects/BSGO/PewPew/Content/Gameplay/Target/Target_White.uasset" 499
"../../../../../../mootbing/Desktop/Unreal_Projects/BSGO/PewPew/Content/Gameplay/Target/target_Cylinder_002.uasset" 500
"../../../../../../mootbing/Desktop/Unreal_Projects/BSGO/PewPew/Content/Gameplay/Target/target_Cylinder_001.uasset" 501
"../../../../../../mootbing/Desktop/Unreal_Projects/BSGO/PewPew/Content/Gameplay/Target/target_Cylinder.uasset" 502
"../../../../../../mootbing/Desktop/Unreal_Projects/BSGO/PewPew/Content/Gameplay/Target/target_Cube.uasset" 503
"../../../../../../mootbing/Desktop/Unreal_Projects/BSGO/PewPew/Content/Weapons/AK/AK_Cylinder_012.uasset" 504
"../../../../../../mootbing/Desktop/Unreal_Projects/BSGO/PewPew/Content/Weapons/AK/AK_Cylinder_010.uasset" 505
"../../../../../../mootbing/Desktop/Unreal_Projects/BSGO/PewPew/Content/Weapons/AK/Wood.uasset" 506
"../../../../../../mootbing/Desktop/Unreal_Projects/BSGO/PewPew/Content/Weapons/AK/AK_Cylinder_002.uasset" 507
"../../../../../../mootbing/Desktop/Unreal_Projects/BSGO/PewPew/Content/Weapons/AK/AK_Cylinder.uasset" 508
"../../../../../../mootbing/Desktop/Unreal_Projects/BSGO/PewPew/Content/Weapons/AK/AK_Cube_019.uasset" 509
"../../../../../../mootbing/Desktop/Unreal_Projects/BSGO/PewPew/Content/Weapons/AK/Silver.uasset" 510
"../../../../../../mootbing/Desktop/Unreal_Projects/BSGO/PewPew/Content/Weapons/AK/AK_Cube_015.uasset" 511
"../../../../../../mootbing/Desktop/Unreal_Projects/BSGO/PewPew/Content/Weapons/AK/AK_Cube_011.uasset" 512
"../../../../../../mootbing/Desktop/Unreal_Projects/BSGO/PewPew/Content/Weapons/AK/AK_Cube_009.uasset" 513
"../../../../../../mootbing/Desktop/Unreal_Projects/BSGO/PewPew/Content/Weapons/AK/AK_Cube_007.uasset" 514
"../../../../../../mootbing/Desktop/Unreal_Projects/BSGO/PewPew/Content/Weapons/AK/AK_Cube_005.uasset" 515
"../../../../../../mootbing/Desktop/Unreal_Projects/BSGO/PewPew/Content/Weapons/AK/AK_Cube.uasset" 516
"../../../../../../mootbing/Desktop/Unreal_Projects/BSGO/PewPew/Content/Weapons/AK/AK_Cube_017.uasset" 517
"../../../../../../mootbing/Desktop/Unreal_Projects/BSGO/PewPew/Content/Weapons/AK/AK_Cube_003.uasset" 518
"../../../../../../mootbing/Desktop/Unreal_Projects/BSGO/PewPew/Content/Weapons/AK/AK_Cube_012.uasset" 519
"../../../../../../mootbing/Desktop/Unreal_Projects/BSGO/PewPew/Content/Weapons/AK/AKBolet_Sphere.uasset" 520
"../../../../../../mootbing/Desktop/Unreal_Projects/BSGO/PewPew/Content/Weapons/AK/AKBolet_Cylinder_019.uasset" 521
"../../../../../../mootbing/Desktop/Unreal_Projects/BSGO/PewPew/Content/Weapons/AK/AKBolet_Cylinder_018.uasset" 522
"../../../../../../mootbing/Desktop/Unreal_Projects/BSGO/PewPew/Content/Weapons/AK/AKBolet_Cylinder_013.uasset" 523
"../../../../../../mootbing/Desktop/Unreal_Projects/BSGO/PewPew/Content/Weapons/AK/7_62Bolet.uasset" 524
"../../../../../../mootbing/Desktop/Unreal_Projects/BSGO/PewPew/Content/Weapons/AK/AKMag.uasset" 525
"../../../../../../mootbing/Desktop/Unreal_Projects/BSGO/PewPew/Content/Weapons/AK/AK_Cylinder_014.uasset" 526
"../../../../../../mootbing/Desktop/Unreal_Projects/BSGO/PewPew/Content/Weapons/AK/AK_Cylinder_006.uasset" 527
"../../../../../../mootbing/Desktop/Unreal_Projects/BSGO/PewPew/Content/Weapons/AK/AK_Cylinder_004.uasset" 528
"../../../../../../mootbing/Desktop/Unreal_Projects/BSGO/PewPew/Content/Weapons/AK/AK_Cylinder_016.uasset" 529
"../../../../../../mootbing/Desktop/Unreal_Projects/BSGO/PewPew/Content/Weapons/AK/AK_Cylinder_008.uasset" 530
"../../../../../../mootbing/Desktop/Unreal_Projects/BSGO/PewPew/Content/Weapons/AK/AK_Cube_013.uasset" 531
"../../../../../../mootbing/Desktop/Unreal_Projects/BSGO/PewPew/Content/Weapons/AK/AK_Cube_016.uasset" 532
"../../../../../../mootbing/Desktop/Unreal_Projects/BSGO/PewPew/Content/Weapons/AK/AK_Cube_008.uasset" 533
"../../../../../../mootbing/Desktop/Unreal_Projects/BSGO/PewPew/Content/Weapons/AK/AK_Cube_004.uasset" 534
"../../../../../../mootbing/Desktop/Unreal_Projects/BSGO/PewPew/Content/Weapons/AK/AK_Cylinder_001.uasset" 535
"../../../../../../mootbing/Desktop/Unreal_Projects/BSGO/PewPew/Content/Weapons/AK/AK_Cylinder_003.uasset" 536
"../../../../../../mootbing/Desktop/Unreal_Projects/BSGO/PewPew/Content/Weapons/AK/AK_Cylinder_011.uasset" 537
"../../../../../../mootbing/Desktop/Unreal_Projects/BSGO/PewPew/Content/Weapons/AK/AK_Cube_018.uasset" 538
"../../../../../../mootbing/Desktop/Unreal_Projects/BSGO/PewPew/Content/Weapons/AK/AK_Cube_006.uasset" 539
"../../../../../../mootbing/Desktop/Unreal_Projects/BSGO/PewPew/Content/Weapons/AK/AK_Cube_014.uasset" 540
"../../../../../../mootbing/Desktop/Unreal_Projects/BSGO/PewPew/Content/Weapons/AK/AK_Cylinder_015.uasset" 541
"../../../../../../mootbing/Desktop/Unreal_Projects/BSGO/PewPew/Content/Weapons/AK/AK_Cylinder_007.uasset" 542
"../../../../../../mootbing/Desktop/Unreal_Projects/BSGO/PewPew/Content/Weapons/AK/AK_Cube_010.uasset" 543
"../../../../../../mootbing/Desktop/Unreal_Projects/BSGO/PewPew/Content/Gameplay/Reload.uasset" 544
"../../../../../../mootbing/Desktop/Unreal_Projects/BSGO/PewPew/Content/Weapons/AK/AK_Cube_002.uasset" 545
"../../../../../../mootbing/Desktop/Unreal_Projects/BSGO/PewPew/Content/Weapons/AK/AK_Cylinder_005.uasset" 546
"../../../../../../mootbing/Desktop/Unreal_Projects/BSGO/PewPew/Content/Weapons/AK/AK_Cube_001.uasset" 547
"../../../../../../mootbing/Desktop/Unreal_Projects/BSGO/PewPew/Content/Weapons/AK/AK_Cylinder_009.uasset" 548
"../../../../../../mootbing/Desktop/Unreal_Projects/BSGO/PewPew/Content/Weapons/AK/AK_Cylinder_017.uasset" 549
"../../../../../../mootbing/Desktop/Unreal_Projects/BSGO/PewPew/Content/Weapons/AK/AK.uasset" 550
"../../../../../../mootbing/Desktop/Unreal_Projects/BSGO/PewPew/Content/Gameplay/FPS_Character.uasset" 551
"../../../../../../mootbing/Desktop/Unreal_Projects/BSGO/PewPew/Content/Gameplay/UI.uasset" 552
"../../../../../../mootbing/Desktop/Unreal_Projects/BSGO/PewPew/Content/Gameplay/DamageMarks.uasset" 553
"../../../../../../mootbing/Desktop/Unreal_Projects/BSGO/PewPew/Content/Gameplay/KillFeeed.uasset" 554
"../../../../../../mootbing/Desktop/Unreal_Projects/BSGO/PewPew/Content/Gameplay/Target.uasset" 555
"../../../../../../mootbing/Desktop/Unreal_Projects/BSGO/PewPew/Content/Gameplay/FiringShake.uasset" 556
"../../../../../../mootbing/Desktop/Unreal_Projects/BSGO/PewPew/Content/Decal.uasset" 557
"../../../../../../mootbing/Desktop/Unreal_Projects/BSGO/PewPew/Content/Decal_Mat.uasset" 558
"../../../../../../mootbing/Desktop/Unreal_Projects/BSGO/PewPew/Content/Weapons/GunComponent.uasset" 559
"../../../../../../mootbing/Desktop/Unreal_Projects/BSGO/PewPew/Content/Weapons/PickUpPrompt.uasset" 560
"../../../../../../mootbing/Desktop/Unreal_Projects/BSGO/PewPew/Content/Weapons/Pistol/Pistol.uasset" 561
"../../../../../../mootbing/Desktop/Unreal_Projects/BSGO/PewPew/Content/Materials/Glass.uasset" 562
"../../../../../../mootbing/Desktop/Unreal_Projects/BSGO/PewPew/Content/Obstacles/BouncePad.uasset" 563
"../../../../../../mootbing/Desktop/Unreal_Projects/BSGO/PewPew/Content/StarterContent/Maps/Minimal_Default_BuiltData.uasset" 564
"../../../../../../mootbing/Desktop/Unreal_Projects/BSGO/PewPew/Content/Weapons/Sniper/50bmg_Cube_008.uasset" 565
"../../../../../../mootbing/Desktop/Unreal_Projects/BSGO/PewPew/Content/Weapons/Sniper/SniperMag.uasset" 566
"../../../../../../mootbing/Desktop/Unreal_Projects/BSGO/PewPew/Content/Weapons/Sniper/50bmg_Cylinder_001.uasset" 567
"../../../../../../mootbing/Desktop/Unreal_Projects/BSGO/PewPew/Content/Weapons/Sniper/Material.uasset" 568
"../../../../../../mootbing/Desktop/Unreal_Projects/BSGO/PewPew/Content/Weapons/Sniper/50bmg_Cube.uasset" 569
"../../../../../../mootbing/Desktop/Unreal_Projects/BSGO/PewPew/Content/Weapons/Sniper/50bmg_Cylinder_003.uasset" 570
"../../../../../../mootbing/Desktop/Unreal_Projects/BSGO/PewPew/Content/Weapons/Sniper/50bmg_Cube_013.uasset" 571
"../../../../../../mootbing/Desktop/Unreal_Projects/BSGO/PewPew/Content/Weapons/Sniper/50bmg_Cube_001.uasset" 572
"../../../../../../mootbing/Desktop/Unreal_Projects/BSGO/PewPew/Content/Weapons/Sniper/50bmg_Cylinder_007.uasset" 573
"../../../../../../mootbing/Desktop/Unreal_Projects/BSGO/PewPew/Content/Weapons/Sniper/50bmg_Cube_021.uasset" 574
"../../../../../../mootbing/Desktop/Unreal_Projects/BSGO/PewPew/Content/Weapons/Sniper/50bmg_Cube_005.uasset" 575
"../../../../../../mootbing/Desktop/Unreal_Projects/BSGO/PewPew/Content/Weapons/Sniper/50bmg_Cube_017.uasset" 576
"../../../../../../mootbing/Desktop/Unreal_Projects/BSGO/PewPew/Content/Weapons/Sniper/50bmg_Cylinder.uasset" 577
"../../../../../../mootbing/Desktop/Unreal_Projects/BSGO/PewPew/Content/Weapons/Sniper/50bmg_Cube_009.uasset" 578
"../../../../../../mootbing/Desktop/Unreal_Projects/BSGO/PewPew/Content/Weapons/Sniper/50bmg_Cube_023.uasset" 579
"../../../../../../mootbing/Desktop/Unreal_Projects/BSGO/PewPew/Content/Weapons/Sniper/50bmg_Cube_015.uasset" 580
"../../../../../../mootbing/Desktop/Unreal_Projects/BSGO/PewPew/Content/Weapons/Sniper/50bmg_Cube_019.uasset" 581
"../../../../../../mootbing/Desktop/Unreal_Projects/BSGO/PewPew/Content/Weapons/Sniper/50bmg_Cube_007.uasset" 582
"../../../../../../mootbing/Desktop/Unreal_Projects/BSGO/PewPew/Content/Weapons/Sniper/50bmg_Cylinder_005.uasset" 583
"../../../../../../mootbing/Desktop/Unreal_Projects/BSGO/PewPew/Content/Weapons/Sniper/50bmg_Cylinder_008.uasset" 584
"../../../../../../mootbing/Desktop/Unreal_Projects/BSGO/PewPew/Content/Weapons/Sniper/50bmg_Cylinder_006.uasset" 585
"../../../../../../mootbing/Desktop/Unreal_Projects/BSGO/PewPew/Content/Weapons/Sniper/50bmg_Cylinder_004.uasset" 586
"../../../../../../mootbing/Desktop/Unreal_Projects/BSGO/PewPew/Content/Weapons/Sniper/50bmg_Cylinder_002.uasset" 587
"../../../../../../mootbing/Desktop/Unreal_Projects/BSGO/PewPew/Content/Weapons/Sniper/50bmg_Cube_022.uasset" 588
"../../../../../../mootbing/Desktop/Unreal_Projects/BSGO/PewPew/Content/Weapons/Sniper/50bmg_Cube_020.uasset" 589
"../../../../../../mootbing/Desktop/Unreal_Projects/BSGO/PewPew/Content/Weapons/Sniper/50bmg_Cube_018.uasset" 590
"../../../../../../mootbing/Desktop/Unreal_Projects/BSGO/PewPew/Content/Weapons/Sniper/50bmg_Cube_016.uasset" 591
"../../../../../../mootbing/Desktop/Unreal_Projects/BSGO/PewPew/Content/Weapons/Sniper/50bmg_Cube_014.uasset" 592
"../../../../../../mootbing/Desktop/Unreal_Projects/BSGO/PewPew/Content/Weapons/Sniper/50bmg_Cube_010.uasset" 593
"../../../../../../mootbing/Desktop/Unreal_Projects/BSGO/PewPew/Content/Weapons/Sniper/50bmg_Cube_006.uasset" 594
"../../../../../../mootbing/Desktop/Unreal_Projects/BSGO/PewPew/Content/Weapons/Sniper/50bmg_Cube_004.uasset" 595
"../../../../../../mootbing/Desktop/Unreal_Projects/BSGO/PewPew/Content/Weapons/Sniper/50bmg_Cube_002.uasset" 596
"../../../Engine/Content/BasicShapes/Plane.uasset" 597
"../../../../../../mootbing/Desktop/Unreal_Projects/BSGO/PewPew/Content/Weapons/Sniper/SniperReticle.uasset" 598
"../../../../../../mootbing/Desktop/Unreal_Projects/BSGO/PewPew/Content/Weapons/Sniper/SniperReticle_Mat.uasset" 599
"../../../../../../mootbing/Desktop/Unreal_Projects/BSGO/PewPew/Content/Weapons/Sniper/SniperScope.uasset" 600
"../../../../../../mootbing/Desktop/Unreal_Projects/BSGO/PewPew/Content/Weapons/Sniper/SnieprSCopeInside.uasset" 601
"../../../../../../mootbing/Desktop/Unreal_Projects/BSGO/PewPew/Content/Weapons/Sniper/50bmg_Cube_012.uasset" 602
"../../../../../../mootbing/Desktop/Unreal_Projects/BSGO/PewPew/Content/Weapons/Sniper/50calbullet_Sphere.uasset" 603
"../../../../../../mootbing/Desktop/Unreal_Projects/BSGO/PewPew/Content/Weapons/Sniper/50calbullet_Cylinder_019.uasset" 604
"../../../../../../mootbing/Desktop/Unreal_Projects/BSGO/PewPew/Content/Weapons/Sniper/50calbullet_Cylinder_013.uasset" 605
"../../../../../../mootbing/Desktop/Unreal_Projects/BSGO/PewPew/Content/Weapons/Sniper/50calbullet_Cylinder_018.uasset" 606
"../../../../../../mootbing/Desktop/Unreal_Projects/BSGO/PewPew/Content/Weapons/Sniper/50Cal.uasset" 607
"../../../../../../mootbing/Desktop/Unreal_Projects/BSGO/PewPew/Content/Weapons/Sniper/50bmg_Cube_003.uasset" 608
"../../../../../../mootbing/Desktop/Unreal_Projects/BSGO/PewPew/Content/Weapons/Sniper/50bmg_Cube_011.uasset" 609
"../../../../../../mootbing/Desktop/Unreal_Projects/BSGO/PewPew/Content/Weapons/Sniper/Sniper.uasset" 610
"../../../../../../mootbing/Desktop/Unreal_Projects/BSGO/PewPew/Content/StarterContent/Maps/Minimal_Default.umap" 611
"../../../Engine/Content/Maps/Entry_BuiltData.uasset" 612
"../../../Engine/Content/Maps/Entry.umap" 613
