"../../../../../repo/BSGO/PewPew/Content/StarterContent/Materials/M_Basic_Wall.uasset" 0
"../../../../../repo/BSGO/PewPew/Content/StarterContent/Architecture/Pillar_50x500.uasset" 1
"../../../../../repo/BSGO/PewPew/Content/StarterContent/Architecture/Wall_400x300.uasset" 2
"../../../../../repo/BSGO/PewPew/Content/StarterContent/Architecture/Wall_400x400.uasset" 3
"../../../../../repo/BSGO/PewPew/Content/StarterContent/Architecture/Wall_500x500.uasset" 4
"../../../../../repo/BSGO/PewPew/Content/StarterContent/Architecture/Wall_Door_400x400.uasset" 5
"../../../../../repo/BSGO/PewPew/Content/StarterContent/Architecture/Wall_Window_400x400.uasset" 6
"../../../../../repo/BSGO/PewPew/Content/StarterContent/Audio/Collapse01.uasset" 7
"../../../../../repo/BSGO/PewPew/Content/StarterContent/Audio/Collapse02.uasset" 8
"../../../../../repo/BSGO/PewPew/Content/StarterContent/Audio/Explosion01.uasset" 9
"../../../../../repo/BSGO/PewPew/Content/StarterContent/Audio/Explosion02.uasset" 10
"../../../../../repo/BSGO/PewPew/Content/StarterContent/Audio/Fire01.uasset" 11
"../../../../../repo/BSGO/PewPew/Content/StarterContent/Audio/Fire_Sparks01.uasset" 12
"../../../../../repo/BSGO/PewPew/Content/StarterContent/Audio/Light01.uasset" 13
"../../../../../repo/BSGO/PewPew/Content/StarterContent/Audio/Light01_Cue.uasset" 14
"../../../../../repo/BSGO/PewPew/Content/StarterContent/Audio/Light02.uasset" 15
"../../../../../repo/BSGO/PewPew/Content/StarterContent/Audio/Light02_Cue.uasset" 16
"../../../../../repo/BSGO/PewPew/Content/StarterContent/Audio/Smoke01.uasset" 17
"../../../../../repo/BSGO/PewPew/Content/StarterContent/Audio/Starter_Birds01.uasset" 18
"../../../../../repo/BSGO/PewPew/Content/StarterContent/Audio/Starter_Music01.uasset" 19
"../../../../../repo/BSGO/PewPew/Content/StarterContent/Audio/Starter_Wind05.uasset" 20
"../../../../../repo/BSGO/PewPew/Content/StarterContent/Audio/Starter_Wind06.uasset" 21
"../../../../../repo/BSGO/PewPew/Content/StarterContent/Audio/Steam01.uasset" 22
"../../../../../repo/BSGO/PewPew/Content/StarterContent/Textures/T_Smoke_Tiled_D.uasset" 23
"../../../../../repo/BSGO/PewPew/Content/StarterContent/Textures/T_Smoke_SubUV.uasset" 24
"../../../../../repo/BSGO/PewPew/Content/StarterContent/Particles/Materials/M_smoke_subUV.uasset" 25
"../../../Engine/Content/Functions/Engine_MaterialFunctions01/Gradient/RadialGradient.uasset" 26
"../../../../../repo/BSGO/PewPew/Content/StarterContent/Particles/Materials/M_radial_ramp.uasset" 27
"../../../../../repo/BSGO/PewPew/Content/StarterContent/Particles/Materials/m_flare_01.uasset" 28
"../../../../../repo/BSGO/PewPew/Content/StarterContent/Textures/T_Explosion_SubUV.uasset" 29
"../../../../../repo/BSGO/PewPew/Content/StarterContent/Particles/Materials/M_explosion_subUV.uasset" 30
"../../../../../repo/BSGO/PewPew/Content/StarterContent/Textures/T_Burst_M.uasset" 31
"../../../../../repo/BSGO/PewPew/Content/StarterContent/Particles/Materials/M_Burst.uasset" 32
"../../../../../repo/BSGO/PewPew/Content/StarterContent/Particles/P_Explosion.uasset" 33
"../../../../../repo/BSGO/PewPew/Content/StarterContent/Audio/Explosion_Cue.uasset" 34
"../../../../../repo/BSGO/PewPew/Content/StarterContent/Blueprints/Blueprint_Effect_Explosion.uasset" 35
"../../../Engine/Content/EditorMeshes/ColorCalibrator/T_ColorGrid.uasset" 36
"../../../../../repo/BSGO/PewPew/Content/StarterContent/Materials/M_ColorGrid_LowSpec.uasset" 37
"../../../../../repo/BSGO/PewPew/Content/StarterContent/Textures/T_Bush_N.uasset" 38
"../../../../../repo/BSGO/PewPew/Content/StarterContent/Textures/T_Bush_D.uasset" 39
"../../../../../repo/BSGO/PewPew/Content/StarterContent/Props/Materials/M_Bush.uasset" 40
"../../../../../repo/BSGO/PewPew/Content/StarterContent/Props/SM_Bush.uasset" 41
"../../../../../repo/BSGO/PewPew/Content/StarterContent/Textures/T_Chair_N.uasset" 42
"../../../../../repo/BSGO/PewPew/Content/StarterContent/Textures/T_Chair_M.uasset" 43
"../../../../../repo/BSGO/PewPew/Content/StarterContent/Props/Materials/M_Chair.uasset" 44
"../../../../../repo/BSGO/PewPew/Content/StarterContent/Props/SM_Couch.uasset" 45
"../../../../../repo/BSGO/PewPew/Content/StarterContent/Textures/T_Door_N.uasset" 46
"../../../../../repo/BSGO/PewPew/Content/StarterContent/Textures/T_Door_M.uasset" 47
"../../../../../repo/BSGO/PewPew/Content/StarterContent/Props/Materials/M_Door.uasset" 48
"../../../../../repo/BSGO/PewPew/Content/StarterContent/Materials/M_Glass.uasset" 49
"../../../../../repo/BSGO/PewPew/Content/StarterContent/Props/SM_Door.uasset" 50
"../../../../../repo/BSGO/PewPew/Content/StarterContent/Props/Materials/M_MaterialSphere_Plain.uasset" 51
"../../../../../repo/BSGO/PewPew/Content/StarterContent/Props/Materials/M_MaterialSphere.uasset" 52
"../../../../../repo/BSGO/PewPew/Content/StarterContent/Props/SM_MatPreviewMesh_02.uasset" 53
"../../../../../repo/BSGO/PewPew/Content/StarterContent/Textures/T_Detail_Rocky_N.uasset" 54
"../../../../../repo/BSGO/PewPew/Content/StarterContent/Textures/T_RockMesh_N.uasset" 55
"../../../../../repo/BSGO/PewPew/Content/StarterContent/Textures/T_RockMesh_M.uasset" 56
"../../../../../repo/BSGO/PewPew/Content/StarterContent/Textures/T_Rock_Basalt_D.uasset" 57
"../../../Engine/Content/Functions/Engine_MaterialFunctions02/Utility/BlendAngleCorrectedNormals.uasset" 58
"../../../../../repo/BSGO/PewPew/Content/StarterContent/Props/Materials/M_Rock.uasset" 59
"../../../../../repo/BSGO/PewPew/Content/StarterContent/Props/SM_Rock.uasset" 60
"../../../../../repo/BSGO/PewPew/Content/StarterContent/Textures/T_Shelf_N.uasset" 61
"../../../../../repo/BSGO/PewPew/Content/StarterContent/Textures/T_Shelf_M.uasset" 62
"../../../../../repo/BSGO/PewPew/Content/StarterContent/Props/Materials/M_Shelf.uasset" 63
"../../../../../repo/BSGO/PewPew/Content/StarterContent/Props/SM_Shelf.uasset" 64
"../../../../../repo/BSGO/PewPew/Content/StarterContent/Materials/M_Basic_Floor.uasset" 65
"../../../../../repo/BSGO/PewPew/Content/StarterContent/Props/SM_Stairs.uasset" 66
"../../../../../repo/BSGO/PewPew/Content/StarterContent/Shapes/Shape_Cone.uasset" 67
"../../../../../repo/BSGO/PewPew/Content/StarterContent/Shapes/Shape_Cylinder.uasset" 68
"../../../../../repo/BSGO/PewPew/Content/StarterContent/Shapes/Shape_NarrowCapsule.uasset" 69
"../../../../../repo/BSGO/PewPew/Content/StarterContent/Shapes/Shape_Pipe.uasset" 70
"../../../../../repo/BSGO/PewPew/Content/StarterContent/Shapes/Shape_Pipe_180.uasset" 71
"../../../../../repo/BSGO/PewPew/Content/StarterContent/Shapes/Shape_Pipe_90.uasset" 72
"../../../../../repo/BSGO/PewPew/Content/StarterContent/Shapes/Shape_Plane.uasset" 73
"../../../../../repo/BSGO/PewPew/Content/StarterContent/Shapes/Shape_Torus.uasset" 74
"../../../../../repo/BSGO/PewPew/Content/StarterContent/Shapes/Shape_Trim.uasset" 75
"../../../../../repo/BSGO/PewPew/Content/StarterContent/Shapes/Shape_Trim_90_In.uasset" 76
"../../../../../repo/BSGO/PewPew/Content/StarterContent/Shapes/Shape_Trim_90_Out.uasset" 77
"../../../../../repo/BSGO/PewPew/Content/StarterContent/Shapes/Shape_TriPyramid.uasset" 78
"../../../../../repo/BSGO/PewPew/Content/StarterContent/Shapes/Shape_Tube.uasset" 79
"../../../../../repo/BSGO/PewPew/Content/StarterContent/Shapes/Shape_Wedge_A.uasset" 80
"../../../../../repo/BSGO/PewPew/Content/StarterContent/Shapes/Shape_Wedge_B.uasset" 81
"../../../../../repo/BSGO/PewPew/Content/StarterContent/Shapes/Shape_WideCapsule.uasset" 82
"../../../Engine/Content/EngineMaterials/OrientParticle.uasset" 83
"../../../Engine/Content/EngineMaterials/DefaultParticle.uasset" 84
"../../../../../repo/BSGO/PewPew/Content/Trail.uasset" 85
"../../../../../repo/BSGO/PewPew/Content/Gameplay/CameraShake.uasset" 86
"../../../../../repo/BSGO/PewPew/Content/StarterContent/Textures/T_Water_N.uasset" 87
"../../../../../repo/BSGO/PewPew/Content/StarterContent/Particles/Materials/M_Heat_Distortion.uasset" 88
"../../../../../repo/BSGO/PewPew/Content/StarterContent/Particles/P_MuzzleFlash.uasset" 89
"../../../../../repo/BSGO/PewPew/Content/Weapons/Pistol/GunWhite.uasset" 90
"../../../../../repo/BSGO/PewPew/Content/Weapons/Pistol/GunSide.uasset" 91
"../../../../../repo/BSGO/PewPew/Content/Weapons/Pistol/GunBlack.uasset" 92
"../../../../../repo/BSGO/PewPew/Content/Weapons/Pistol/GrapplingGunV2.uasset" 93
"../../../../../repo/BSGO/PewPew/Content/Weapons/Pistol/BFIPistol.uasset" 94
"../../../Engine/Content/EngineMaterials/T_Default_Material_Grid_N.uasset" 95
"../../../Engine/Content/EngineMaterials/T_Default_Material_Grid_M.uasset" 96
"../../../Engine/Content/Functions/Engine_MaterialFunctions01/Opacity/CameraDepthFade.uasset" 97
"../../../Engine/Content/EngineMaterials/WorldGridMaterial.uasset" 98
"../../../Engine/Content/ArtTools/RenderToTexture/Meshes/S_1_Unit_Plane.uasset" 99
"../../../Engine/Content/EngineMaterials/DefaultMaterial.uasset" 100
"../../../Engine/Content/BasicShapes/Cone.uasset" 101
"../../../Engine/Content/EditorLandscapeResources/DataLayer.uasset" 102
"../../../Engine/Content/EditorLandscapeResources/DefaultAlphaTexture.uasset" 103
"../../../Engine/Content/EditorMaterials/MAT_Groups_Toggle.uasset" 104
"../../../Engine/Content/EditorMaterials/MAT_Groups_Visibility.uasset" 105
"../../../Engine/Content/EditorMaterials/PreviewShadowIndicator.uasset" 106
"../../../Engine/Content/EditorMaterials/PreviewShadowIndicatorMaterial.uasset" 107
"../../../Engine/Content/EditorMaterials/MatineeGroups/MAT_ColorTrack.uasset" 108
"../../../Engine/Content/EditorMaterials/MatineeGroups/MAT_Groups_Anim.uasset" 109
"../../../Engine/Content/EditorMaterials/MatineeGroups/MAT_Groups_AudioMaster.uasset" 110
"../../../Engine/Content/EditorMaterials/MatineeGroups/MAT_Groups_Director.uasset" 111
"../../../Engine/Content/EditorMaterials/MatineeGroups/MAT_Groups_Event.uasset" 112
"../../../Engine/Content/EditorMaterials/MatineeGroups/MAT_Groups_Fade.uasset" 113
"../../../Engine/Content/EditorMaterials/MatineeGroups/MAT_Groups_Float.uasset" 114
"../../../Engine/Content/EditorMaterials/MatineeGroups/MAT_Groups_Move.uasset" 115
"../../../Engine/Content/EditorMaterials/MatineeGroups/MAT_Groups_Slomo.uasset" 116
"../../../Engine/Content/EditorMaterials/MatineeGroups/MAT_Groups_Sound.uasset" 117
"../../../Engine/Content/EditorMaterials/MatineeGroups/MAT_Groups_Vector.uasset" 118
"../../../Engine/Content/EditorMaterials/ParticleSystems/PSysThumbnail_NoImage.uasset" 119
"../../../Engine/Content/EditorMaterials/ParticleSystems/PSysThumbnail_OOD.uasset" 120
"../../../Engine/Content/EditorMaterials/Camera/CineMat.uasset" 121
"../../../Engine/Content/EditorMaterials/Camera/MI_CineMat_Rig.uasset" 122
"../../../Engine/Content/EditorMeshes/Camera/SM_CraneRig_Arm.uasset" 123
"../../../Engine/Content/EditorMeshes/Camera/SM_CraneRig_Base.uasset" 124
"../../../Engine/Content/EditorMeshes/Camera/SM_CraneRig_Body.uasset" 125
"../../../Engine/Content/EditorMeshes/Camera/SM_CraneRig_Mount.uasset" 126
"../../../Engine/Content/EditorMeshes/Camera/SM_RailRig_Mount.uasset" 127
"../../../Engine/Content/EditorMeshes/Camera/SM_RailRig_Track.uasset" 128
"../../../Engine/Content/EditorResources/BSPVertex.uasset" 129
"../../../Engine/Content/EditorResources/EmptyActor.uasset" 130
"../../../Engine/Content/EditorResources/S_Actor.uasset" 131
"../../../Engine/Content/EditorResources/S_Note.uasset" 132
"../../../Engine/Content/EditorResources/S_Solver.uasset" 133
"../../../Engine/Content/EditorResources/S_Terrain.uasset" 134
"../../../Engine/Content/EditorResources/S_Trigger.uasset" 135
"../../../Engine/Content/EditorResources/AudioIcons/S_AudioComponent.uasset" 136
"../../../Engine/Content/EditorResources/AudioIcons/S_AudioComponent_AutoActivate.uasset" 137
"../../../Engine/Content/EditorResources/LightIcons/S_LightError.uasset" 138
"../../../Engine/Content/EditorResources/SequenceRecorder/Countdown.uasset" 139
"../../../Engine/Content/EditorResources/SequenceRecorder/RecordingIndicator.uasset" 140
"../../../Engine/Content/EngineDamageTypes/DmgTypeBP_Environmental.uasset" 141
"../../../Engine/Content/EngineDebugMaterials/DebugEditorMaterial.uasset" 142
"../../../Engine/Content/EngineDebugMaterials/DebugMeshMaterial.uasset" 143
"../../../Engine/Content/EngineDebugMaterials/M_SimpleUnlitTranslucent.uasset" 144
"../../../Engine/Content/EngineDebugMaterials/VolumeToRender.uasset" 145
"../../../Engine/Content/Functions/Engine_MaterialFunctions02/Utility/CameraDirectionVector.uasset" 146
"../../../Engine/Content/EngineDebugMaterials/M_VolumeRenderSphereTracePP.uasset" 147
"../../../Engine/Content/Functions/Engine_MaterialFunctions01/Shading/ConvertFromDiffSpec.uasset" 148
"../../../Engine/Content/EngineDebugMaterials/VertexColorMaterial.uasset" 149
"../../../Engine/Content/EngineDebugMaterials/WireframeMaterial.uasset" 150
"../../../Engine/Content/EngineFonts/Faces/RobotoRegular.uasset" 151
"../../../Engine/Content/EngineFonts/Faces/RobotoLight.uasset" 152
"../../../Engine/Content/EngineFonts/Faces/RobotoItalic.uasset" 153
"../../../Engine/Content/EngineFonts/Faces/RobotoBoldItalic.uasset" 154
"../../../Engine/Content/EngineFonts/Faces/RobotoBold.uasset" 155
"../../../Engine/Content/EngineFonts/Faces/DroidSansFallback.uasset" 156
"../../../Engine/Content/EngineFonts/Roboto.uasset" 157
"../../../Engine/Content/EngineMaterials/BaseFlattenNormalMap.uasset" 158
"../../../Engine/Content/EngineMaterials/BaseFlattenGrayscaleMap.uasset" 159
"../../../Engine/Content/EngineMaterials/BaseFlattenEmissiveMap.uasset" 160
"../../../Engine/Content/EngineMaterials/BaseFlattenDiffuseMap.uasset" 161
"../../../Engine/Content/EngineMaterials/BaseFlattenMaterial.uasset" 162
"../../../Engine/Content/EngineMaterials/BlueNoise.uasset" 163
"../../../Engine/Content/EngineMaterials/DefaultBloomKernel.uasset" 164
"../../../Engine/Content/EngineMaterials/DefaultBokeh.uasset" 165
"../../../Engine/Content/EngineMaterials/DefaultDiffuse.uasset" 166
"../../../Engine/Content/EngineMaterials/DefaultDeferredDecalMaterial.uasset" 167
"../../../Engine/Content/EngineMaterials/DefaultLightFunctionMaterial.uasset" 168
"../../../Engine/Content/EngineMaterials/DefaultPhysicalMaterial.uasset" 169
"../../../Engine/Content/Functions/Engine_MaterialFunctions02/Utility/BreakOutFloat2Components.uasset" 170
"../../../Engine/Content/EngineMaterials/DefaultPostProcessMaterial.uasset" 171
"../../../Engine/Content/EngineFonts/RobotoDistanceField.uasset" 172
"../../../Engine/Content/EngineMaterials/DefaultTextMaterialOpaque.uasset" 173
"../../../Engine/Content/EngineMaterials/DefaultWhiteGrid.uasset" 174
"../../../Engine/Content/EngineMaterials/DefaultWhiteGrid_Low.uasset" 175
"../../../Engine/Content/EngineMaterials/EmissiveMeshMaterial.uasset" 176
"../../../Engine/Content/EngineMaterials/GizmoMaterial.uasset" 177
"../../../Engine/Content/EngineMaterials/Good64x64TilingNoiseHighFreq.uasset" 178
"../../../Engine/Content/EngineMaterials/MiniFont.uasset" 179
"../../../Engine/Content/EngineMaterials/InvalidLightmapSettings.uasset" 180
"../../../Engine/Content/EngineMaterials/M_InvalidLightmapSettings.uasset" 181
"../../../Engine/Content/Functions/Engine_MaterialFunctions02/WorldPositionOffset/CameraOffset.uasset" 182
"../../../Engine/Content/EngineMaterials/PhAT_JointLimitMaterial.uasset" 183
"../../../Engine/Content/EngineMaterials/PreintegratedSkinBRDF.uasset" 184
"../../../Engine/Content/EngineMaterials/RemoveSurfaceMaterial.uasset" 185
"../../../Engine/Content/EngineMaterials/WeightMapPlaceholderTexture.uasset" 186
"../../../Engine/Content/EngineResources/WhiteSquareTexture.uasset" 187
"../../../Engine/Content/EngineMaterials/Widget3DPassThrough.uasset" 188
"../../../Engine/Content/EngineMaterials/Widget3DPassThrough_Masked.uasset" 189
"../../../Engine/Content/EngineMaterials/Widget3DPassThrough_Opaque.uasset" 190
"../../../Engine/Content/EngineMaterials/Widget3DPassThrough_Masked_OneSided.uasset" 191
"../../../Engine/Content/EngineMaterials/Widget3DPassThrough_Opaque_OneSided.uasset" 192
"../../../Engine/Content/EngineMaterials/Widget3DPassThrough_Translucent.uasset" 193
"../../../Engine/Content/EngineMaterials/Widget3DPassThrough_Translucent_OneSided.uasset" 194
"../../../Engine/Content/EngineMeshes/Cylinder.uasset" 195
"../../../Engine/Content/EngineMeshes/Sphere.uasset" 196
"../../../Engine/Content/EngineResources/Black.uasset" 197
"../../../Engine/Content/EngineResources/DefaultTextureCube.uasset" 198
"../../../Engine/Content/EngineResources/DefaultVolumeTexture2D.uasset" 199
"../../../Engine/Content/EngineResources/DefaultVolumeTexture.uasset" 200
"../../../Engine/Content/EngineResources/GradientTexture0.uasset" 201
"../../../Engine/Content/EngineSky/VolumetricClouds/T_NoiseShape64.uasset" 202
"../../../Engine/Content/EngineSky/VolumetricClouds/T_VolumeNoiseShape64.uasset" 203
"../../../Engine/Content/EngineSky/VolumetricClouds/T_NoiseErosion.uasset" 204
"../../../Engine/Content/EngineSky/VolumetricClouds/T_VolumeNoiseErosion32.uasset" 205
"../../../Engine/Content/EngineSky/VolumetricClouds/CloudWeatherTexture.uasset" 206
"../../../Engine/Content/EngineSky/VolumetricClouds/CloudGradientTexture.uasset" 207
"../../../Engine/Content/Functions/Engine_MaterialFunctions02/Utility/MakeFloat2.uasset" 208
"../../../Engine/Content/EngineSky/VolumetricClouds/m_SimpleVolumetricCloud.uasset" 209
"../../../Engine/Content/EngineSky/VolumetricClouds/m_SimpleVolumetricCloud_Inst.uasset" 210
"../../../Engine/Content/EngineSounds/Master.uasset" 211
"../../../Engine/Content/Functions/Engine_MaterialFunctions01/Shading/PowerToRoughness.uasset" 212
"../../../Engine/Content/Maps/Templates/Thumbnails/Default.uasset" 213
"../../../Engine/Content/Maps/Templates/Thumbnails/TimeOfDay.uasset" 214
"../../../Engine/Content/Maps/Templates/Thumbnails/VR-Basic.uasset" 215
"../../../Engine/Content/MobileResources/T_MobileControls_texture.uasset" 216
"../../../Engine/Content/MobileResources/T_MobileMenu2.uasset" 217
"../../../Engine/Content/MobileResources/HUD/AnalogHat.uasset" 218
"../../../Engine/Content/MobileResources/HUD/VirtualJoystick_Thumb.uasset" 219
"../../../Engine/Content/MobileResources/HUD/VirtualJoystick_Background.uasset" 220
"../../../Engine/Content/MobileResources/HUD/DefaultVirtualJoysticks.uasset" 221
"../../../Engine/Content/MobileResources/HUD/LeftVirtualJoystickOnly.uasset" 222
"../../../Engine/Content/MobileResources/HUD/MobileHUDButton1_off.uasset" 223
"../../../Engine/Content/MobileResources/HUD/MobileHUDButton1_on.uasset" 224
"../../../Engine/Content/MobileResources/HUD/MobileHUDButton2_off.uasset" 225
"../../../Engine/Content/MobileResources/HUD/MobileHUDButton2_on.uasset" 226
"../../../Engine/Content/MobileResources/HUD/MobileHUDButton3.uasset" 227
"../../../Engine/Content/MobileResources/HUD/MobileHUDButtonFire.uasset" 228
"../../../Engine/Content/MobileResources/HUD/MobileHUDDirectionPad.uasset" 229
"../../../Engine/Content/MobileResources/HUD/MobileHUDDirectionPad2.uasset" 230
"../../../Engine/Content/MobileResources/HUD/MobileHUDDirectionPad3.uasset" 231
"../../../Engine/Content/MobileResources/HUD/MobileHUDDirectionStick.uasset" 232
"../../../Engine/Content/MobileResources/HUD/T_Castle_ThumbstickInner.uasset" 233
"../../../Engine/Content/MobileResources/HUD/T_Castle_ThumbstickOutter.uasset" 234
"../../../Engine/Content/Tutorial/ContentIntroCurve.uasset" 235
"../../../Engine/Content/Tutorial/Basics/LevelEditorAttract.uasset" 236
"../../../Engine/Content/VREditor/TransformGizmo/TranslucentTransformGizmoMaterial.uasset" 237
"../../../Engine/Content/VREditor/LaserPointer/VR_LaserPower_01.uasset" 238
"../../../Engine/Content/VREditor/TransformGizmo/TransformGizmoMaterial.uasset" 239
"../../../Engine/Content/VREditor/TransformGizmo/BoundingBoxCorner.uasset" 240
"../../../Engine/Content/VREditor/TransformGizmo/BoundingBoxEdge.uasset" 241
"../../../Engine/Content/VREditor/TransformGizmo/PlaneTranslationHandle.uasset" 242
"../../../Engine/Content/VREditor/TransformGizmo/Xray.uasset" 243
"../../../Engine/Content/VREditor/TransformGizmo/Main.uasset" 244
"../../../Engine/Content/VREditor/TransformGizmo/SM_Sequencer_Key.uasset" 245
"../../../Engine/Content/VREditor/TransformGizmo/SM_Sequencer_Node.uasset" 246
"../../Plugins/2D/Paper2D/Content/PlaceholderTextures/DummySpriteTexture.uasset" 247
"../../Plugins/2D/Paper2D/Content/DummySprite.uasset" 248
"../../Plugins/2D/Paper2D/Content/DefaultPaperTerrainMaterial.uasset" 249
"../../Plugins/2D/Paper2D/Content/DefaultSpriteMaterial.uasset" 250
"../../Plugins/2D/Paper2D/Content/MaskedUnlitSpriteMaterial.uasset" 251
"../../Plugins/2D/Paper2D/Content/OpaqueUnlitSpriteMaterial.uasset" 252
"../../../Engine/Content/Functions/Engine_MaterialFunctions02/ObjectLocalBounds.uasset" 253
"../../../Engine/Content/Functions/Engine_MaterialFunctions02/Utility/BreakOutFloat3Components.uasset" 254
"../../../Engine/Content/Functions/Engine_MaterialFunctions02/UVs/BoundingBoxBased_0-1_UVW.uasset" 255
"../../../Engine/Content/EngineResources/DefaultTexture.uasset" 256
"../../../Engine/Content/Functions/Engine_MaterialFunctions02/SafeNormalize.uasset" 257
"../../Plugins/Editor/SpeedTreeImporter/Content/SpeedTree9/UnpackInteger3.uasset" 258
"../../Plugins/Editor/SpeedTreeImporter/Content/SpeedTree9/UnpackDirection.uasset" 259
"../../Plugins/Editor/SpeedTreeImporter/Content/SpeedTree9/game_wind_noise.uasset" 260
"../../Plugins/Editor/SpeedTreeImporter/Content/SpeedTree9/SpeedTreeWindMotion.uasset" 261
"../../Plugins/Editor/SpeedTreeImporter/Content/SpeedTree9/SpeedTreeBranchMotion.uasset" 262
"../../Plugins/Editor/SpeedTreeImporter/Content/SpeedTree9/SpeedTreeWind.uasset" 263
"../../Plugins/Editor/SpeedTreeImporter/Content/SpeedTree9/SpeedTreeBillboard.uasset" 264
"../../Plugins/Editor/SpeedTreeImporter/Content/SpeedTree9/SpeedTreeBillboardMaster.uasset" 265
"../../Plugins/Editor/SpeedTreeImporter/Content/SpeedTree9/SpeedTreeCameraFacing.uasset" 266
"../../Plugins/Editor/SpeedTreeImporter/Content/SpeedTree9/SpeedTreeMaster.uasset" 267
"../../../Engine/Content/ArtTools/RenderToTexture/Materials/Debug/M_Emissive_Color.uasset" 268
"../../../Engine/Content/BasicShapes/Cylinder.uasset" 269
"../../Plugins/Lumin/MagicLeapPassableWorld/Content/MagicLeapARPinInfoActor.uasset" 270
"../../../Engine/Content/Functions/Engine_MaterialFunctions02/Utility/BreakOutFloat4Components.uasset" 271
"../../../Engine/Content/Functions/Engine_MaterialFunctions02/Utility/MakeFloat3.uasset" 272
"../../Plugins/Runtime/Oculus/OculusVR/Content/Materials/OculusMR_ChromaKey.uasset" 273
"../../Plugins/Runtime/Oculus/OculusVR/Content/Materials/OculusMR_OpaqueColoredMaterial.uasset" 274
"../../Plugins/Runtime/Oculus/OculusVR/Content/Materials/PokeAHoleMaterial.uasset" 275
"../../../../../repo/BSGO/PewPew/Content/StarterContent/Materials/M_AssetPlatform.uasset" 276
"../../../../../repo/BSGO/PewPew/Content/StarterContent/Architecture/SM_AssetPlatform.uasset" 277
"../../../../../repo/BSGO/PewPew/Content/StarterContent/HDRI/HDRI_Epic_Courtyard_Daylight.uasset" 278
"../../../../../repo/BSGO/PewPew/Content/StarterContent/Maps/Advanced_Lighting_BuiltData.uasset" 279
"../../../Engine/Content/EditorMeshes/ColorCalibrator/M_GreyBall.uasset" 280
"../../../Engine/Content/EditorMeshes/ColorCalibrator/Color_checker.uasset" 281
"../../../Engine/Content/EditorMeshes/ColorCalibrator/M_ColorGrid.uasset" 282
"../../../Engine/Content/EditorMeshes/ColorCalibrator/M_ClearCoatBlack.uasset" 283
"../../../Engine/Content/EditorMeshes/ColorCalibrator/M_ClearCoat.uasset" 284
"../../../Engine/Content/EditorMeshes/ColorCalibrator/M_ChromeBall.uasset" 285
"../../../Engine/Content/EditorMeshes/ColorCalibrator/SM_ColorCalibrator.uasset" 286
"../../../../../repo/BSGO/PewPew/Content/StarterContent/Blueprints/Assets/SM_Arrows.uasset" 287
"../../../../../repo/BSGO/PewPew/Content/StarterContent/Blueprints/Assets/FogBrightnessLUT.uasset" 288
"../../../../../repo/BSGO/PewPew/Content/StarterContent/Blueprints/Assets/SunlightColorLUT.uasset" 289
"../../../../../repo/BSGO/PewPew/Content/StarterContent/Blueprints/Assets/M_LightStage_Arrows.uasset" 290
"../../../Engine/Content/MapTemplates/Sky/DaylightAmbientCubemap.uasset" 291
"../../../../../repo/BSGO/PewPew/Content/StarterContent/Blueprints/Assets/M_LightStage_Skybox_Master.uasset" 292
"../../../../../repo/BSGO/PewPew/Content/StarterContent/Blueprints/Assets/M_LightStage_Skybox_Black.uasset" 293
"../../../../../repo/BSGO/PewPew/Content/StarterContent/Blueprints/Assets/M_LightStage_Skybox_HDRI.uasset" 294
"../../../Engine/Content/EditorMaterials/Thumbnails/SkySphereMaterial.uasset" 295
"../../../../../repo/BSGO/PewPew/Content/StarterContent/Blueprints/Assets/Skybox.uasset" 296
"../../../../../repo/BSGO/PewPew/Content/StarterContent/Blueprints/BP_LightStudio.uasset" 297
"../../../../../repo/BSGO/PewPew/Content/StarterContent/Maps/Advanced_Lighting.umap" 298
"../../../../../repo/BSGO/PewPew/Content/StarterContent/Textures/T_Lamp_N.uasset" 299
"../../../../../repo/BSGO/PewPew/Content/StarterContent/Textures/T_Lamp_M.uasset" 300
"../../../../../repo/BSGO/PewPew/Content/StarterContent/Props/Materials/M_Lamp.uasset" 301
"../../../../../repo/BSGO/PewPew/Content/StarterContent/Props/SM_Lamp_Ceiling.uasset" 302
"../../../../../repo/BSGO/PewPew/Content/StarterContent/Blueprints/Blueprint_CeilingLight.uasset" 303
"../../../../../repo/BSGO/PewPew/Content/StarterContent/Audio/Starter_Music_Cue.uasset" 304
"../../../../../repo/BSGO/PewPew/Content/StarterContent/Audio/Starter_Background_Cue.uasset" 305
"../../../../../repo/BSGO/PewPew/Content/StarterContent/Architecture/Wall_Door_400x300.uasset" 306
"../../../../../repo/BSGO/PewPew/Content/StarterContent/Architecture/Wall_400x200.uasset" 307
"../../../../../repo/BSGO/PewPew/Content/StarterContent/Audio/Collapse_Cue.uasset" 308
"../../../../../repo/BSGO/PewPew/Content/StarterContent/Architecture/Wall_Window_400x300.uasset" 309
"../../../Engine/Content/EngineSky/T_Sky_Stars.uasset" 310
"../../../Engine/Content/EngineSky/T_Sky_Clouds_M.uasset" 311
"../../../Engine/Content/EngineSky/T_Sky_Blue.uasset" 312
"../../../Engine/Content/EngineSky/M_Sky_Panning_Clouds2.uasset" 313
"../../../Engine/Content/EngineSky/SM_SkySphere.uasset" 314
"../../../Engine/Content/EngineSky/C_Sky_Zenith_Color.uasset" 315
"../../../Engine/Content/EngineSky/C_Sky_Horizon_Color.uasset" 316
"../../../Engine/Content/EngineSky/C_Sky_Cloud_Color.uasset" 317
"../../../Engine/Content/EditorBlueprintResources/StandardMacros.uasset" 318
"../../../Engine/Content/EngineSky/BP_Sky_Sphere.uasset" 319
"../../../../../repo/BSGO/PewPew/Content/StarterContent/Textures/T_MacroVariation.uasset" 320
"../../../../../repo/BSGO/PewPew/Content/StarterContent/Textures/T_Perlin_Noise_M.uasset" 321
"../../../../../repo/BSGO/PewPew/Content/StarterContent/Textures/T_Concrete_Poured_D.uasset" 322
"../../../../../repo/BSGO/PewPew/Content/StarterContent/Textures/T_Concrete_Poured_N.uasset" 323
"../../../../../repo/BSGO/PewPew/Content/StarterContent/Materials/M_Concrete_Poured.uasset" 324
"../../../../../repo/BSGO/PewPew/Content/StarterContent/Maps/StarterMap_BuiltData.uasset" 325
"../../../Engine/Content/Functions/Engine_MaterialFunctions03/Procedurals/ComputeFilterWidth.uasset" 326
"../../../Engine/Content/EngineMaterials/AntiAliasedTextMaterialTranslucent.uasset" 327
"../../../../../repo/BSGO/PewPew/Content/StarterContent/Textures/T_Brick_Clay_Beveled_D.uasset" 328
"../../../../../repo/BSGO/PewPew/Content/StarterContent/Textures/T_Brick_Clay_Beveled_M.uasset" 329
"../../../../../repo/BSGO/PewPew/Content/StarterContent/Textures/T_Brick_Clay_Beveled_N.uasset" 330
"../../../../../repo/BSGO/PewPew/Content/StarterContent/Materials/M_Brick_Clay_Beveled.uasset" 331
"../../../../../repo/BSGO/PewPew/Content/StarterContent/Textures/T_Brick_Clay_New_D.uasset" 332
"../../../../../repo/BSGO/PewPew/Content/StarterContent/Textures/T_Brick_Clay_New_M.uasset" 333
"../../../../../repo/BSGO/PewPew/Content/StarterContent/Textures/T_Brick_Clay_New_N.uasset" 334
"../../../../../repo/BSGO/PewPew/Content/StarterContent/Materials/M_Brick_Clay_New.uasset" 335
"../../../../../repo/BSGO/PewPew/Content/StarterContent/Textures/T_Brick_Clay_Old_D.uasset" 336
"../../../../../repo/BSGO/PewPew/Content/StarterContent/Textures/T_Brick_Clay_Old_N.uasset" 337
"../../../../../repo/BSGO/PewPew/Content/StarterContent/Materials/M_Brick_Clay_Old.uasset" 338
"../../../../../repo/BSGO/PewPew/Content/StarterContent/Textures/T_Brick_Cut_Stone_N.uasset" 339
"../../../../../repo/BSGO/PewPew/Content/StarterContent/Textures/T_Brick_Cut_Stone_D.uasset" 340
"../../../../../repo/BSGO/PewPew/Content/StarterContent/Materials/M_Brick_Cut_Stone.uasset" 341
"../../../../../repo/BSGO/PewPew/Content/StarterContent/Textures/T_Brick_Hewn_Stone_D.uasset" 342
"../../../../../repo/BSGO/PewPew/Content/StarterContent/Textures/T_Brick_Hewn_Stone_M.uasset" 343
"../../../../../repo/BSGO/PewPew/Content/StarterContent/Textures/T_Brick_Hewn_Stone_N.uasset" 344
"../../../../../repo/BSGO/PewPew/Content/StarterContent/Materials/M_Brick_Hewn_Stone.uasset" 345
"../../../../../repo/BSGO/PewPew/Content/StarterContent/Textures/T_Ceramic_Tile_M.uasset" 346
"../../../../../repo/BSGO/PewPew/Content/StarterContent/Textures/T_Rock_Marble_Polished_D.uasset" 347
"../../../../../repo/BSGO/PewPew/Content/StarterContent/Textures/T_Ceramic_Tile_N.uasset" 348
"../../../../../repo/BSGO/PewPew/Content/StarterContent/Materials/M_Ceramic_Tile_Checker.uasset" 349
"../../../../../repo/BSGO/PewPew/Content/StarterContent/Textures/T_CobbleStone_Pebble_D.uasset" 350
"../../../../../repo/BSGO/PewPew/Content/StarterContent/Textures/T_CobbleStone_Pebble_M.uasset" 351
"../../../../../repo/BSGO/PewPew/Content/StarterContent/Textures/T_CobbleStone_Pebble_N.uasset" 352
"../../../../../repo/BSGO/PewPew/Content/StarterContent/Materials/M_CobbleStone_Pebble.uasset" 353
"../../../../../repo/BSGO/PewPew/Content/StarterContent/Textures/T_CobbleStone_Rough_D.uasset" 354
"../../../../../repo/BSGO/PewPew/Content/StarterContent/Textures/T_CobbleStone_Rough_N.uasset" 355
"../../../../../repo/BSGO/PewPew/Content/StarterContent/Textures/T_Gradinet_01.uasset" 356
"../../../../../repo/BSGO/PewPew/Content/StarterContent/Textures/T_Rock_Smooth_Granite_D.uasset" 357
"../../../../../repo/BSGO/PewPew/Content/StarterContent/Materials/M_CobbleStone_Rough.uasset" 358
"../../../../../repo/BSGO/PewPew/Content/StarterContent/Textures/T_CobbleStone_Smooth_D.uasset" 359
"../../../../../repo/BSGO/PewPew/Content/StarterContent/Textures/T_CobbleStone_Smooth_M.uasset" 360
"../../../../../repo/BSGO/PewPew/Content/StarterContent/Textures/T_CobbleStone_Smooth_N.uasset" 361
"../../../../../repo/BSGO/PewPew/Content/StarterContent/Materials/M_CobbleStone_Smooth.uasset" 362
"../../../../../repo/BSGO/PewPew/Content/StarterContent/Textures/T_Concrete_Grime_D.uasset" 363
"../../../../../repo/BSGO/PewPew/Content/StarterContent/Textures/T_Metal_Rust_N.uasset" 364
"../../../../../repo/BSGO/PewPew/Content/StarterContent/Materials/M_Concrete_Grime.uasset" 365
"../../../../../repo/BSGO/PewPew/Content/StarterContent/Textures/T_Concrete_Panels_D.uasset" 366
"../../../../../repo/BSGO/PewPew/Content/StarterContent/Textures/T_Concrete_Panels_N.uasset" 367
"../../../../../repo/BSGO/PewPew/Content/StarterContent/Materials/M_Concrete_Panels.uasset" 368
"../../../../../repo/BSGO/PewPew/Content/StarterContent/Textures/T_Concrete_Tiles_D.uasset" 369
"../../../../../repo/BSGO/PewPew/Content/StarterContent/Textures/T_Concrete_Tiles_M.uasset" 370
"../../../../../repo/BSGO/PewPew/Content/StarterContent/Textures/T_Concrete_Tiles_Variation_M.uasset" 371
"../../../../../repo/BSGO/PewPew/Content/StarterContent/Textures/T_Concrete_Tiles_N.uasset" 372
"../../../../../repo/BSGO/PewPew/Content/StarterContent/Materials/M_Concrete_Tiles.uasset" 373
"../../../../../repo/BSGO/PewPew/Content/StarterContent/Textures/T_Ground_Grass_N.uasset" 374
"../../../../../repo/BSGO/PewPew/Content/StarterContent/Textures/T_Ground_Grass_D.uasset" 375
"../../../../../repo/BSGO/PewPew/Content/StarterContent/Materials/M_Ground_Grass.uasset" 376
"../../../../../repo/BSGO/PewPew/Content/StarterContent/Textures/T_Ground_Gravel_N.uasset" 377
"../../../../../repo/BSGO/PewPew/Content/StarterContent/Textures/T_Ground_Gravel_D.uasset" 378
"../../../../../repo/BSGO/PewPew/Content/StarterContent/Materials/M_Ground_Gravel.uasset" 379
"../../../../../repo/BSGO/PewPew/Content/StarterContent/Textures/T_Ground_Moss_N.uasset" 380
"../../../../../repo/BSGO/PewPew/Content/StarterContent/Textures/T_ground_Moss_D.uasset" 381
"../../../../../repo/BSGO/PewPew/Content/StarterContent/Materials/M_Ground_Moss.uasset" 382
"../../../../../repo/BSGO/PewPew/Content/StarterContent/Materials/M_Metal_Brushed_Nickel.uasset" 383
"../../../../../repo/BSGO/PewPew/Content/StarterContent/Textures/T_Metal_Gold_N.uasset" 384
"../../../../../repo/BSGO/PewPew/Content/StarterContent/Textures/T_Metal_Aluminum_D.uasset" 385
"../../../../../repo/BSGO/PewPew/Content/StarterContent/Materials/M_Metal_Burnished_Steel.uasset" 386
"../../../../../repo/BSGO/PewPew/Content/StarterContent/Materials/M_Metal_Chrome.uasset" 387
"../../../../../repo/BSGO/PewPew/Content/StarterContent/Textures/T_Metal_Copper_D.uasset" 388
"../../../../../repo/BSGO/PewPew/Content/StarterContent/Materials/M_Metal_Copper.uasset" 389
"../../../../../repo/BSGO/PewPew/Content/StarterContent/Textures/T_Metal_Gold_D.uasset" 390
"../../../../../repo/BSGO/PewPew/Content/StarterContent/Materials/M_Metal_Gold.uasset" 391
"../../../../../repo/BSGO/PewPew/Content/StarterContent/Textures/T_Metal_Rust_D.uasset" 392
"../../../../../repo/BSGO/PewPew/Content/StarterContent/Materials/M_Metal_Rust.uasset" 393
"../../../../../repo/BSGO/PewPew/Content/StarterContent/Textures/T_Metal_Steel_N.uasset" 394
"../../../../../repo/BSGO/PewPew/Content/StarterContent/Textures/T_Metal_Steel_D.uasset" 395
"../../../../../repo/BSGO/PewPew/Content/StarterContent/Materials/M_Metal_Steel.uasset" 396
"../../../../../repo/BSGO/PewPew/Content/StarterContent/Textures/T_Rock_Basalt_N.uasset" 397
"../../../../../repo/BSGO/PewPew/Content/StarterContent/Materials/M_Rock_Basalt.uasset" 398
"../../../../../repo/BSGO/PewPew/Content/StarterContent/Materials/M_Rock_Marble_Polished.uasset" 399
"../../../../../repo/BSGO/PewPew/Content/StarterContent/Textures/T_Rock_Sandstone_N.uasset" 400
"../../../../../repo/BSGO/PewPew/Content/StarterContent/Textures/T_Rock_Sandstone_D.uasset" 401
"../../../../../repo/BSGO/PewPew/Content/StarterContent/Materials/M_Rock_Sandstone.uasset" 402
"../../../../../repo/BSGO/PewPew/Content/StarterContent/Textures/T_Rock_Slate_N.uasset" 403
"../../../../../repo/BSGO/PewPew/Content/StarterContent/Textures/T_Rock_Slate_D.uasset" 404
"../../../../../repo/BSGO/PewPew/Content/StarterContent/Materials/M_Rock_Slate.uasset" 405
"../../../../../repo/BSGO/PewPew/Content/StarterContent/Textures/T_Tech_Dot_N.uasset" 406
"../../../../../repo/BSGO/PewPew/Content/StarterContent/Textures/T_Tech_Dot_M.uasset" 407
"../../../../../repo/BSGO/PewPew/Content/StarterContent/Textures/T_Single_Tile_N.uasset" 408
"../../../../../repo/BSGO/PewPew/Content/StarterContent/Textures/T_Checker_Noise_M.uasset" 409
"../../../../../repo/BSGO/PewPew/Content/StarterContent/Materials/M_Tech_Checker_Dot.uasset" 410
"../../../../../repo/BSGO/PewPew/Content/StarterContent/Textures/T_Tech_Hex_Tile_N.uasset" 411
"../../../../../repo/BSGO/PewPew/Content/StarterContent/Textures/T_Tech_Hex_Tile_M.uasset" 412
"../../../../../repo/BSGO/PewPew/Content/StarterContent/Materials/M_Tech_Hex_Tile.uasset" 413
"../../../../../repo/BSGO/PewPew/Content/StarterContent/Materials/M_Tech_Hex_Tile_Pulse.uasset" 414
"../../../../../repo/BSGO/PewPew/Content/StarterContent/Textures/T_Tech_Panel_N.uasset" 415
"../../../../../repo/BSGO/PewPew/Content/StarterContent/Textures/T_Tech_Panel_M.uasset" 416
"../../../../../repo/BSGO/PewPew/Content/StarterContent/Materials/M_Tech_Panel.uasset" 417
"../../../../../repo/BSGO/PewPew/Content/StarterContent/Materials/M_Water_Lake.uasset" 418
"../../../../../repo/BSGO/PewPew/Content/StarterContent/Textures/T_Water_M.uasset" 419
"../../../../../repo/BSGO/PewPew/Content/StarterContent/Materials/M_Water_Ocean.uasset" 420
"../../../../../repo/BSGO/PewPew/Content/StarterContent/Textures/T_Wood_Floor_Walnut_N.uasset" 421
"../../../../../repo/BSGO/PewPew/Content/StarterContent/Textures/T_Wood_Floor_Walnut_M.uasset" 422
"../../../../../repo/BSGO/PewPew/Content/StarterContent/Textures/T_Wood_Floor_Walnut_D.uasset" 423
"../../../../../repo/BSGO/PewPew/Content/StarterContent/Materials/M_Wood_Floor_Walnut_Polished.uasset" 424
"../../../Engine/Content/Functions/Engine_MaterialFunctions01/Opacity/AlphaOffset.uasset" 425
"../../../../../repo/BSGO/PewPew/Content/StarterContent/Materials/M_Wood_Floor_Walnut_Worn.uasset" 426
"../../../../../repo/BSGO/PewPew/Content/StarterContent/Textures/T_Wood_Oak_N.uasset" 427
"../../../../../repo/BSGO/PewPew/Content/StarterContent/Textures/T_Wood_Oak_D.uasset" 428
"../../../../../repo/BSGO/PewPew/Content/StarterContent/Materials/M_Wood_Oak.uasset" 429
"../../../../../repo/BSGO/PewPew/Content/StarterContent/Textures/T_Wood_Pine_N.uasset" 430
"../../../../../repo/BSGO/PewPew/Content/StarterContent/Textures/T_Wood_Pine_D.uasset" 431
"../../../../../repo/BSGO/PewPew/Content/StarterContent/Materials/M_Wood_Pine.uasset" 432
"../../../../../repo/BSGO/PewPew/Content/StarterContent/Textures/T_Wood_Walnut_N.uasset" 433
"../../../../../repo/BSGO/PewPew/Content/StarterContent/Textures/T_Wood_Walnut_D.uasset" 434
"../../../../../repo/BSGO/PewPew/Content/StarterContent/Materials/M_Wood_Walnut.uasset" 435
"../../../../../repo/BSGO/PewPew/Content/StarterContent/Architecture/Floor_400x400.uasset" 436
"../../../../../repo/BSGO/PewPew/Content/StarterContent/Textures/T_Dust_Particle_D.uasset" 437
"../../../../../repo/BSGO/PewPew/Content/StarterContent/Particles/Materials/M_Dust_Particle.uasset" 438
"../../../../../repo/BSGO/PewPew/Content/StarterContent/Particles/P_Ambient_Dust.uasset" 439
"../../../../../repo/BSGO/PewPew/Content/StarterContent/Props/MaterialSphere.uasset" 440
"../../../../../repo/BSGO/PewPew/Content/StarterContent/Props/SM_Chair.uasset" 441
"../../../../../repo/BSGO/PewPew/Content/StarterContent/Textures/T_Frame_N.uasset" 442
"../../../../../repo/BSGO/PewPew/Content/StarterContent/Textures/T_Frame_M.uasset" 443
"../../../../../repo/BSGO/PewPew/Content/StarterContent/Props/Materials/M_Frame.uasset" 444
"../../../../../repo/BSGO/PewPew/Content/StarterContent/Props/SM_CornerFrame.uasset" 445
"../../../../../repo/BSGO/PewPew/Content/StarterContent/Audio/Fire01_Cue.uasset" 446
"../../../../../repo/BSGO/PewPew/Content/StarterContent/Particles/Materials/M_Radial_Gradient.uasset" 447
"../../../../../repo/BSGO/PewPew/Content/StarterContent/Textures/T_Fire_Tiled_D.uasset" 448
"../../../../../repo/BSGO/PewPew/Content/StarterContent/Textures/T_Fire_SubUV.uasset" 449
"../../../../../repo/BSGO/PewPew/Content/StarterContent/Particles/Materials/M_Fire_SubUV.uasset" 450
"../../../../../repo/BSGO/PewPew/Content/StarterContent/Particles/P_Fire.uasset" 451
"../../../../../repo/BSGO/PewPew/Content/StarterContent/Blueprints/Blueprint_Effect_Fire.uasset" 452
"../../../../../repo/BSGO/PewPew/Content/StarterContent/Audio/Smoke01_Cue.uasset" 453
"../../../../../repo/BSGO/PewPew/Content/StarterContent/Particles/P_Smoke.uasset" 454
"../../../../../repo/BSGO/PewPew/Content/StarterContent/Blueprints/Blueprint_Effect_Smoke.uasset" 455
"../../../../../repo/BSGO/PewPew/Content/StarterContent/Audio/Fire_Sparks01_Cue.uasset" 456
"../../../../../repo/BSGO/PewPew/Content/StarterContent/Textures/T_Spark_Core.uasset" 457
"../../../../../repo/BSGO/PewPew/Content/StarterContent/Particles/Materials/M_Spark.uasset" 458
"../../../../../repo/BSGO/PewPew/Content/StarterContent/Particles/P_Sparks.uasset" 459
"../../../../../repo/BSGO/PewPew/Content/StarterContent/Blueprints/Blueprint_Effect_Sparks.uasset" 460
"../../../../../repo/BSGO/PewPew/Content/StarterContent/Audio/Steam01_Cue.uasset" 461
"../../../../../repo/BSGO/PewPew/Content/StarterContent/Particles/P_Steam_Lit.uasset" 462
"../../../../../repo/BSGO/PewPew/Content/StarterContent/Blueprints/Blueprint_Effect_Steam.uasset" 463
"../../../../../repo/BSGO/PewPew/Content/StarterContent/Props/SM_Lamp_Wall.uasset" 464
"../../../../../repo/BSGO/PewPew/Content/StarterContent/Blueprints/Blueprint_WallSconce.uasset" 465
"../../../../../repo/BSGO/PewPew/Content/StarterContent/Props/SM_DoorFrame.uasset" 466
"../../../../../repo/BSGO/PewPew/Content/StarterContent/Props/SM_GlassWindow.uasset" 467
"../../../../../repo/BSGO/PewPew/Content/StarterContent/Props/SM_PillarFrame.uasset" 468
"../../../../../repo/BSGO/PewPew/Content/StarterContent/Props/SM_PillarFrame300.uasset" 469
"../../../../../repo/BSGO/PewPew/Content/StarterContent/Textures/T_Statue_N.uasset" 470
"../../../../../repo/BSGO/PewPew/Content/StarterContent/Textures/T_Statue_M.uasset" 471
"../../../../../repo/BSGO/PewPew/Content/StarterContent/Props/Materials/M_StatueGlass.uasset" 472
"../../../../../repo/BSGO/PewPew/Content/StarterContent/Props/Materials/M_Statue.uasset" 473
"../../../../../repo/BSGO/PewPew/Content/StarterContent/Props/SM_Statue.uasset" 474
"../../../../../repo/BSGO/PewPew/Content/StarterContent/Textures/T_TableRound_N.uasset" 475
"../../../../../repo/BSGO/PewPew/Content/StarterContent/Textures/T_TableRound_M.uasset" 476
"../../../../../repo/BSGO/PewPew/Content/StarterContent/Props/Materials/M_TableRound.uasset" 477
"../../../../../repo/BSGO/PewPew/Content/StarterContent/Props/SM_TableRound.uasset" 478
"../../../../../repo/BSGO/PewPew/Content/StarterContent/Props/SM_WindowFrame.uasset" 479
"../../../../../repo/BSGO/PewPew/Content/StarterContent/Shapes/Shape_Cube.uasset" 480
"../../../../../repo/BSGO/PewPew/Content/StarterContent/Shapes/Shape_QuadPyramid.uasset" 481
"../../../../../repo/BSGO/PewPew/Content/StarterContent/Shapes/Shape_Sphere.uasset" 482
"../../../../../repo/BSGO/PewPew/Content/StarterContent/Maps/StarterMap.umap" 483
"../../../../../repo/BSGO/PewPew/Content/StarterContent/Maps/Minimal_Default_BuiltData.uasset" 484
"../../../../../repo/BSGO/PewPew/Content/Weapons/Sniper/50bmg_Cube_008.uasset" 485
"../../../../../repo/BSGO/PewPew/Content/Gameplay/Target/Target_Red.uasset" 486
"../../../../../repo/BSGO/PewPew/Content/Gameplay/Target/target_Cylinder_003.uasset" 487
"../../../../../repo/BSGO/PewPew/Content/Gameplay/Target/Target_White.uasset" 488
"../../../../../repo/BSGO/PewPew/Content/Gameplay/Target/target_Cylinder_002.uasset" 489
"../../../../../repo/BSGO/PewPew/Content/Gameplay/Target/target_Cylinder_001.uasset" 490
"../../../../../repo/BSGO/PewPew/Content/Gameplay/Target/target_Cylinder.uasset" 491
"../../../../../repo/BSGO/PewPew/Content/Gameplay/Target/target_Cube.uasset" 492
"../../../../../repo/BSGO/PewPew/Content/Gameplay/KillFeeed.uasset" 493
"../../../Engine/Content/BasicShapes/Sphere.uasset" 494
"../../../Engine/Content/BasicShapes/Cube.uasset" 495
"../../../Engine/Content/BasicShapes/BasicShapeMaterial.uasset" 496
"../../../../../repo/BSGO/PewPew/Content/Weapons/Grenade.uasset" 497
"../../../../../repo/BSGO/PewPew/Content/Gameplay/FiringShake.uasset" 498
"../../../../../repo/BSGO/PewPew/Content/Gameplay/AkShot.uasset" 499
"../../../../../repo/BSGO/PewPew/Content/Decal.uasset" 500
"../../../../../repo/BSGO/PewPew/Content/Decal_Mat.uasset" 501
"../../../../../repo/BSGO/PewPew/Content/Weapons/GunComponent.uasset" 502
"../../../../../repo/BSGO/PewPew/Content/Weapons/Pistol/Material_002.uasset" 503
"../../../../../repo/BSGO/PewPew/Content/Weapons/Pistol/9mmammo_Sphere_001.uasset" 504
"../../../../../repo/BSGO/PewPew/Content/Weapons/Pistol/Material_003.uasset" 505
"../../../../../repo/BSGO/PewPew/Content/Weapons/Pistol/9mmammo_Cylinder_005.uasset" 506
"../../../../../repo/BSGO/PewPew/Content/Weapons/Pistol/9mmammo_Cylinder_004.uasset" 507
"../../../../../repo/BSGO/PewPew/Content/Weapons/Pistol/9mmammo_Cylinder_003.uasset" 508
"../../../../../repo/BSGO/PewPew/Content/Weapons/AK/BulletTip.uasset" 509
"../../../../../repo/BSGO/PewPew/Content/Weapons/AK/Gold.uasset" 510
"../../../../../repo/BSGO/PewPew/Content/Weapons/Pistol/9mm.uasset" 511
"../../../../../repo/BSGO/PewPew/Content/Weapons/PickUpWeapon.uasset" 512
"../../../../../repo/BSGO/PewPew/Content/Weapons/PickUpPrompt.uasset" 513
"../../../../../repo/BSGO/PewPew/Content/Weapons/Pistol/Pistol.uasset" 514
"../../../../../repo/BSGO/PewPew/Content/Weapons/AK/AK_Cylinder_017.uasset" 515
"../../../../../repo/BSGO/PewPew/Content/Weapons/AK/AK_Cylinder_016.uasset" 516
"../../../../../repo/BSGO/PewPew/Content/Weapons/AK/AK_Cylinder_015.uasset" 517
"../../../../../repo/BSGO/PewPew/Content/Weapons/AK/AK_Cylinder_014.uasset" 518
"../../../../../repo/BSGO/PewPew/Content/Weapons/AK/AK_Cylinder_012.uasset" 519
"../../../../../repo/BSGO/PewPew/Content/Weapons/AK/AK_Cylinder_011.uasset" 520
"../../../../../repo/BSGO/PewPew/Content/Weapons/AK/AK_Cylinder_010.uasset" 521
"../../../../../repo/BSGO/PewPew/Content/Weapons/AK/AK_Cylinder_009.uasset" 522
"../../../../../repo/BSGO/PewPew/Content/Weapons/AK/AK_Cylinder_008.uasset" 523
"../../../../../repo/BSGO/PewPew/Content/Weapons/AK/AK_Cylinder_007.uasset" 524
"../../../../../repo/BSGO/PewPew/Content/Weapons/AK/AK_Cylinder_006.uasset" 525
"../../../../../repo/BSGO/PewPew/Content/Weapons/AK/AK_Cylinder_005.uasset" 526
"../../../../../repo/BSGO/PewPew/Content/Weapons/AK/AK_Cylinder_004.uasset" 527
"../../../../../repo/BSGO/PewPew/Content/Weapons/AK/Wood.uasset" 528
"../../../../../repo/BSGO/PewPew/Content/Weapons/AK/AK_Cylinder_003.uasset" 529
"../../../../../repo/BSGO/PewPew/Content/Weapons/AK/AK_Cylinder_002.uasset" 530
"../../../../../repo/BSGO/PewPew/Content/Weapons/AK/AK_Cylinder_001.uasset" 531
"../../../../../repo/BSGO/PewPew/Content/Weapons/AK/AK_Cylinder.uasset" 532
"../../../../../repo/BSGO/PewPew/Content/Weapons/AK/AK_Cube_019.uasset" 533
"../../../../../repo/BSGO/PewPew/Content/Weapons/AK/AK_Cube_018.uasset" 534
"../../../../../repo/BSGO/PewPew/Content/Weapons/AK/AK_Cube_017.uasset" 535
"../../../../../repo/BSGO/PewPew/Content/Weapons/AK/Silver.uasset" 536
"../../../../../repo/BSGO/PewPew/Content/Weapons/AK/AK_Cube_015.uasset" 537
"../../../../../repo/BSGO/PewPew/Content/Weapons/AK/AK_Cube_014.uasset" 538
"../../../../../repo/BSGO/PewPew/Content/Weapons/AK/AK_Cube_013.uasset" 539
"../../../../../repo/BSGO/PewPew/Content/Weapons/AK/AK_Cube_011.uasset" 540
"../../../../../repo/BSGO/PewPew/Content/Weapons/AK/AK_Cube_010.uasset" 541
"../../../../../repo/BSGO/PewPew/Content/Weapons/AK/AK_Cube_009.uasset" 542
"../../../../../repo/BSGO/PewPew/Content/Weapons/AK/AK_Cube_008.uasset" 543
"../../../../../repo/BSGO/PewPew/Content/Weapons/AK/AK_Cube_007.uasset" 544
"../../../../../repo/BSGO/PewPew/Content/Weapons/AK/AK_Cube_006.uasset" 545
"../../../../../repo/BSGO/PewPew/Content/Weapons/AK/AK_Cube_005.uasset" 546
"../../../../../repo/BSGO/PewPew/Content/Weapons/AK/AK_Cube_004.uasset" 547
"../../../../../repo/BSGO/PewPew/Content/Weapons/AK/AK_Cube_003.uasset" 548
"../../../../../repo/BSGO/PewPew/Content/Weapons/AK/AK_Cube_002.uasset" 549
"../../../../../repo/BSGO/PewPew/Content/Weapons/AK/AK_Cube_001.uasset" 550
"../../../../../repo/BSGO/PewPew/Content/Weapons/AK/AK_Cube.uasset" 551
"../../../../../repo/BSGO/PewPew/Content/Weapons/AK/AK_Cube_016.uasset" 552
"../../../../../repo/BSGO/PewPew/Content/Weapons/AK/AK_Cube_012.uasset" 553
"../../../../../repo/BSGO/PewPew/Content/Weapons/AK/AKBolet_Sphere.uasset" 554
"../../../../../repo/BSGO/PewPew/Content/Weapons/AK/AKBolet_Cylinder_019.uasset" 555
"../../../../../repo/BSGO/PewPew/Content/Weapons/AK/AKBolet_Cylinder_018.uasset" 556
"../../../../../repo/BSGO/PewPew/Content/Weapons/AK/AKBolet_Cylinder_013.uasset" 557
"../../../../../repo/BSGO/PewPew/Content/Weapons/AK/7_62Bolet.uasset" 558
"../../../../../repo/BSGO/PewPew/Content/Weapons/AK/AKMag.uasset" 559
"../../../../../repo/BSGO/PewPew/Content/Gameplay/Reload.uasset" 560
"../../../../../repo/BSGO/PewPew/Content/Weapons/AK/AK.uasset" 561
"../../../../../repo/BSGO/PewPew/Content/Gameplay/FPS_Character.uasset" 562
"../../../../../repo/BSGO/PewPew/Content/Gameplay/UI.uasset" 563
"../../../../../repo/BSGO/PewPew/Content/Gameplay/DamageMarks.uasset" 564
"../../../../../repo/BSGO/PewPew/Content/Crit.uasset" 565
"../../../../../repo/BSGO/PewPew/Content/Gameplay/Target.uasset" 566
"../../../../../repo/BSGO/PewPew/Content/Weapons/Sniper/SniperMag.uasset" 567
"../../../Engine/Content/BasicShapes/Plane.uasset" 568
"../../../../../repo/BSGO/PewPew/Content/Weapons/Sniper/SniperReticle.uasset" 569
"../../../../../repo/BSGO/PewPew/Content/Weapons/Sniper/SniperReticle_Mat.uasset" 570
"../../../../../repo/BSGO/PewPew/Content/Weapons/Sniper/SniperScope.uasset" 571
"../../../../../repo/BSGO/PewPew/Content/Weapons/Sniper/SnieprSCopeInside.uasset" 572
"../../../../../repo/BSGO/PewPew/Content/Weapons/Sniper/50calbullet_Sphere.uasset" 573
"../../../../../repo/BSGO/PewPew/Content/Weapons/Sniper/50calbullet_Cylinder_019.uasset" 574
"../../../../../repo/BSGO/PewPew/Content/Weapons/Sniper/50calbullet_Cylinder_018.uasset" 575
"../../../../../repo/BSGO/PewPew/Content/Weapons/Sniper/50calbullet_Cylinder_013.uasset" 576
"../../../../../repo/BSGO/PewPew/Content/Weapons/Sniper/50Cal.uasset" 577
"../../../../../repo/BSGO/PewPew/Content/Weapons/Sniper/50bmg_Cylinder_008.uasset" 578
"../../../../../repo/BSGO/PewPew/Content/Weapons/Sniper/50bmg_Cylinder_007.uasset" 579
"../../../../../repo/BSGO/PewPew/Content/Weapons/Sniper/50bmg_Cylinder_006.uasset" 580
"../../../../../repo/BSGO/PewPew/Content/Weapons/Sniper/50bmg_Cylinder_005.uasset" 581
"../../../../../repo/BSGO/PewPew/Content/Weapons/Sniper/50bmg_Cylinder_004.uasset" 582
"../../../../../repo/BSGO/PewPew/Content/Weapons/Sniper/50bmg_Cylinder_003.uasset" 583
"../../../../../repo/BSGO/PewPew/Content/Weapons/Sniper/50bmg_Cylinder_002.uasset" 584
"../../../../../repo/BSGO/PewPew/Content/Weapons/Sniper/50bmg_Cylinder_001.uasset" 585
"../../../../../repo/BSGO/PewPew/Content/Weapons/Sniper/50bmg_Cylinder.uasset" 586
"../../../../../repo/BSGO/PewPew/Content/Weapons/Sniper/50bmg_Cube_023.uasset" 587
"../../../../../repo/BSGO/PewPew/Content/Weapons/Sniper/50bmg_Cube_022.uasset" 588
"../../../../../repo/BSGO/PewPew/Content/Weapons/Sniper/50bmg_Cube_021.uasset" 589
"../../../../../repo/BSGO/PewPew/Content/Weapons/Sniper/50bmg_Cube_020.uasset" 590
"../../../../../repo/BSGO/PewPew/Content/Weapons/Sniper/50bmg_Cube_019.uasset" 591
"../../../../../repo/BSGO/PewPew/Content/Weapons/Sniper/50bmg_Cube_018.uasset" 592
"../../../../../repo/BSGO/PewPew/Content/Weapons/Sniper/50bmg_Cube_017.uasset" 593
"../../../../../repo/BSGO/PewPew/Content/Weapons/Sniper/50bmg_Cube_016.uasset" 594
"../../../../../repo/BSGO/PewPew/Content/Weapons/Sniper/50bmg_Cube_015.uasset" 595
"../../../../../repo/BSGO/PewPew/Content/Weapons/Sniper/50bmg_Cube_014.uasset" 596
"../../../../../repo/BSGO/PewPew/Content/Weapons/Sniper/50bmg_Cube_013.uasset" 597
"../../../../../repo/BSGO/PewPew/Content/Weapons/Sniper/50bmg_Cube_012.uasset" 598
"../../../../../repo/BSGO/PewPew/Content/Weapons/Sniper/50bmg_Cube_011.uasset" 599
"../../../../../repo/BSGO/PewPew/Content/Weapons/Sniper/50bmg_Cube_010.uasset" 600
"../../../../../repo/BSGO/PewPew/Content/Weapons/Sniper/50bmg_Cube_009.uasset" 601
"../../../../../repo/BSGO/PewPew/Content/Weapons/Sniper/50bmg_Cube_007.uasset" 602
"../../../../../repo/BSGO/PewPew/Content/Weapons/Sniper/50bmg_Cube_006.uasset" 603
"../../../../../repo/BSGO/PewPew/Content/Weapons/Sniper/50bmg_Cube_005.uasset" 604
"../../../../../repo/BSGO/PewPew/Content/Weapons/Sniper/50bmg_Cube_004.uasset" 605
"../../../../../repo/BSGO/PewPew/Content/Weapons/Sniper/50bmg_Cube_003.uasset" 606
"../../../../../repo/BSGO/PewPew/Content/Weapons/Sniper/50bmg_Cube_002.uasset" 607
"../../../../../repo/BSGO/PewPew/Content/Weapons/Sniper/50bmg_Cube_001.uasset" 608
"../../../../../repo/BSGO/PewPew/Content/Weapons/Sniper/Material.uasset" 609
"../../../../../repo/BSGO/PewPew/Content/Weapons/Sniper/50bmg_Cube.uasset" 610
"../../../../../repo/BSGO/PewPew/Content/Weapons/Sniper/Sniper.uasset" 611
"../../../../../repo/BSGO/PewPew/Content/Obstacles/BouncePad.uasset" 612
"../../../../../repo/BSGO/PewPew/Content/Materials/Glass.uasset" 613
"../../../../../repo/BSGO/PewPew/Content/StarterContent/Maps/Minimal_Default.umap" 614
"../../../Engine/Content/Maps/Entry_BuiltData.uasset" 615
"../../../Engine/Content/Maps/Entry.umap" 616
